#
# A fatal error has been detected by the Java Runtime Environment:
#
#  EXCEPTION_ACCESS_VIOLATION (0xc0000005) at pc=0x00007ffaf87b5c15, pid=2760, tid=0x0000000000003368
#
# JRE version: Java(TM) SE Runtime Environment (8.0_251-b08) (build 1.8.0_251-b08)
# Java VM: Java HotSpot(TM) 64-Bit Server VM (25.251-b08 mixed mode windows-amd64 compressed oops)
# Problematic frame:
# C  [ntdll.dll+0xa5c15]
#
# Failed to write core dump. Minidumps are not enabled by default on client versions of Windows
#
# If you would like to submit a bug report, please visit:
#   http://bugreport.java.com/bugreport/crash.jsp
# The crash happened outside the Java Virtual Machine in native code.
# See problematic frame for where to report the bug.
#

---------------  T H R E A D  ---------------

Current thread (0x0000000003042800):  JavaThread "main" [_thread_in_native, id=13160, stack(0x0000000002e40000,0x0000000002f40000)]

siginfo: ExceptionCode=0xc0000005, reading address 0xffffffffffffffff

Registers:
RAX=0x00000000012ac060, RBX=0x5f60b5167adffd92, RCX=0x0000000000000ab0, RDX=0x00000000012acb20
RSP=0x0000000002f3f0d0, RBP=0x0000000000000000, RSI=0x0000000001270000, RDI=0x0000000000000000
R8 =0x000000006822b6fd, R9 =0x0000000000000000, R10=0x00000000012acb20, R11=0x000000001c137e20
R12=0x0000000000000000, R13=0x00000000012acb20, R14=0x00000000012acb10, R15=0x0000000000000001
RIP=0x00007ffaf87b5c15, EFLAGS=0x0000000000010202

Top of Stack: (sp=0x0000000002f3f0d0)
0x0000000002f3f0d0:   0000000000000000 4000000000000000
0x0000000002f3f0e0:   0000000000000002 ffffffd8ffffffd8
0x0000000002f3f0f0:   0000000000000000 3f1a36e2eb1c432d
0x0000000002f3f100:   5f60b5167adffd92 0000000000000032
0x0000000002f3f110:   0000000000000000 00000000012ae870
0x0000000002f3f120:   0000000000000000 0000000000000000
0x0000000002f3f130:   00000000011e0000 0000000000000000
0x0000000002f3f140:   cafebabecafebabe 00007ffaf8726e2c
0x0000000002f3f150:   00000000011e0000 0000000000000000
0x0000000002f3f160:   000000000000000a 0000000000000009
0x0000000002f3f170:   0000000002f3f2e0 00000000012acb44
0x0000000002f3f180:   00000000012acb20 00007ffaf8725d21
0x0000000002f3f190:   000000000000000a 0000000001270000
0x0000000002f3f1a0:   000000000000000a 0000000000000000
0x0000000002f3f1b0:   0000000000000000 00000000012aea00
0x0000000002f3f1c0:   000000001c137e20 00007ffaf667e97b 

Instructions: (pc=0x00007ffaf87b5c15)
0x00007ffaf87b5bf5:   00 00 48 c1 e9 0c 49 8b c6 48 2b c1 48 8b 18 48
0x00007ffaf87b5c05:   89 5c 24 30 48 85 db 0f 84 ee 04 00 00 0f 0d 0b
0x00007ffaf87b5c15:   4c 8b 4b 08 41 8b 46 0c c1 e8 08 0f b7 d0 48 8b
0x00007ffaf87b5c25:   03 4c 89 4c 24 48 89 54 24 38 48 8b 08 41 8b 41 


Register to memory mapping:

RAX=0x00000000012ac060 is an unknown value
RBX=0x5f60b5167adffd92 is an unknown value
RCX=0x0000000000000ab0 is an unknown value
RDX=0x00000000012acb20 is an unknown value
RSP=0x0000000002f3f0d0 is pointing into the stack for thread: 0x0000000003042800
RBP=0x0000000000000000 is an unknown value
RSI=0x0000000001270000 is an unknown value
RDI=0x0000000000000000 is an unknown value
R8 =0x000000006822b6fd is an unknown value
R9 =0x0000000000000000 is an unknown value
R10=0x00000000012acb20 is an unknown value
R11=0x000000001c137e20 is an unknown value
R12=0x0000000000000000 is an unknown value
R13=0x00000000012acb20 is an unknown value
R14=0x00000000012acb10 is an unknown value
R15=0x0000000000000001 is an unknown value


Stack: [0x0000000002e40000,0x0000000002f40000],  sp=0x0000000002f3f0d0,  free space=1020k
Native frames: (J=compiled Java code, j=interpreted, Vv=VM code, C=native code)

Java frames: (J=compiled Java code, j=interpreted, Vv=VM code)
J 778  exampleJNI.FloatVec_doAdd__SWIG_0(JLFloatVec;F)V (0 bytes) @ 0x00000000034491db [0x0000000003449180+0x5b]
J 761 C1 NEATAgent.addInputValue(LFloatVec;Z)V (26 bytes) @ 0x000000000344052c [0x000000000343fea0+0x68c]
j  NEATAgent.makeNetworkInput([Z)LFloatVec;+18
j  NEATAgent.calculateInput()V+8
j  LevelHandler.runGameWithVisuals(LNEATAgent;I)V+47
j  NEATTester.loadAndShowEliteAgent(Ljava/lang/String;II)V+31
j  PlayLevel.main([Ljava/lang/String;)V+30
v  ~StubRoutines::call_stub

---------------  P R O C E S S  ---------------

Java Threads: ( => current thread )
  0x00000000199c3800 JavaThread "AWT-EventQueue-0" [_thread_blocked, id=18940, stack(0x000000001d000000,0x000000001d100000)]
  0x0000000019993000 JavaThread "AWT-Windows" daemon [_thread_in_native, id=8164, stack(0x000000001c610000,0x000000001c710000)]
  0x0000000019990800 JavaThread "AWT-Shutdown" [_thread_blocked, id=2188, stack(0x000000001c510000,0x000000001c610000)]
  0x000000001998f800 JavaThread "Java2D Disposer" daemon [_thread_blocked, id=19928, stack(0x000000001c410000,0x000000001c510000)]
  0x0000000019630000 JavaThread "Service Thread" daemon [_thread_blocked, id=15780, stack(0x00000000199f0000,0x0000000019af0000)]
  0x0000000017c7d800 JavaThread "C1 CompilerThread2" daemon [_thread_blocked, id=1316, stack(0x00000000194f0000,0x00000000195f0000)]
  0x0000000017c78000 JavaThread "C2 CompilerThread1" daemon [_thread_blocked, id=20104, stack(0x00000000193f0000,0x00000000194f0000)]
  0x0000000017c6d800 JavaThread "C2 CompilerThread0" daemon [_thread_blocked, id=4404, stack(0x00000000192f0000,0x00000000193f0000)]
  0x0000000017c77000 JavaThread "Attach Listener" daemon [_thread_blocked, id=11520, stack(0x00000000191f0000,0x00000000192f0000)]
  0x0000000017c75800 JavaThread "Signal Dispatcher" daemon [_thread_blocked, id=2284, stack(0x00000000190f0000,0x00000000191f0000)]
  0x0000000017c5a800 JavaThread "Finalizer" daemon [_thread_blocked, id=17276, stack(0x0000000018ef0000,0x0000000018ff0000)]
  0x0000000003131800 JavaThread "Reference Handler" daemon [_thread_blocked, id=5576, stack(0x0000000018df0000,0x0000000018ef0000)]
=>0x0000000003042800 JavaThread "main" [_thread_in_native, id=13160, stack(0x0000000002e40000,0x0000000002f40000)]

Other Threads:
  0x0000000017c38000 VMThread [stack: 0x0000000018cf0000,0x0000000018df0000] [id=14640]
  0x0000000017ccd800 WatcherThread [stack: 0x0000000019af0000,0x0000000019bf0000] [id=10388]

VM state:not at safepoint (normal execution)

VM Mutex/Monitor currently owned by a thread: None

heap address: 0x0000000081c00000, size: 2020 MB, Compressed Oops mode: 32-bit
Narrow klass base: 0x0000000000000000, Narrow klass shift: 3
Compressed class space size: 1073741824 Address: 0x0000000100000000

Heap:
 PSYoungGen      total 38400K, used 21763K [0x00000000d5f00000, 0x00000000daa00000, 0x0000000100000000)
  eden space 33280K, 50% used [0x00000000d5f00000,0x00000000d6f40ee0,0x00000000d7f80000)
  from space 5120K, 100% used [0x00000000d7f80000,0x00000000d8480000,0x00000000d8480000)
  to   space 5120K, 0% used [0x00000000da500000,0x00000000da500000,0x00000000daa00000)
 ParOldGen       total 87552K, used 11509K [0x0000000081c00000, 0x0000000087180000, 0x00000000d5f00000)
  object space 87552K, 13% used [0x0000000081c00000,0x000000008273d640,0x0000000087180000)
 Metaspace       used 10057K, capacity 10214K, committed 10496K, reserved 1058816K
  class space    used 1133K, capacity 1189K, committed 1280K, reserved 1048576K

Card table byte_map: [0x0000000012500000,0x0000000012900000] byte_map_base: 0x00000000120f2000

Marking Bits: (ParMarkBitMap*) 0x0000000077d6af90
 Begin Bits: [0x0000000012fb0000, 0x0000000014f40000)
 End Bits:   [0x0000000014f40000, 0x0000000016ed0000)

Polling page: 0x0000000001260000

CodeCache: size=245760Kb used=3972Kb max_used=3972Kb free=241787Kb
 bounds [0x0000000003140000, 0x0000000003530000, 0x0000000012140000]
 total_blobs=1484 nmethods=1008 adapters=389
 compilation: enabled

Compilation events (10 events):
Event: 3.563 Thread 0x0000000017c6d800 1004       4       java.awt.Component::getCursor_NoClientCode (30 bytes)
Event: 3.565 Thread 0x0000000017c6d800 nmethod 1004 0x0000000003518e10 code [0x0000000003518f60, 0x0000000003519028]
Event: 3.657 Thread 0x0000000017c7d800 1005       3       sun.awt.windows.WComponentPeer::handleJavaMouseEvent (76 bytes)
Event: 3.658 Thread 0x0000000017c7d800 nmethod 1005 0x0000000003520f10 code [0x0000000003521140, 0x0000000003521f78]
Event: 3.804 Thread 0x0000000017c7d800 1006       3       java.util.ArrayList::clear (39 bytes)
Event: 3.804 Thread 0x0000000017c7d800 nmethod 1006 0x00000000035208d0 code [0x0000000003520a40, 0x0000000003520db0]
Event: 3.947 Thread 0x0000000017c7d800 1007       3       sun.java2d.SunGraphics2D::drawImage (15 bytes)
Event: 3.948 Thread 0x0000000017c7d800 nmethod 1007 0x000000000351dc90 code [0x000000000351de00, 0x000000000351e008]
Event: 3.948 Thread 0x0000000017c7d800 1008   !   3       sun.java2d.SunGraphics2D::drawImage (197 bytes)
Event: 3.949 Thread 0x0000000017c7d800 nmethod 1008 0x0000000003522490 code [0x0000000003522720, 0x0000000003523e28]

GC Heap History (2 events):
Event: 1.581 GC heap before
{Heap before GC invocations=1 (full 0):
 PSYoungGen      total 38400K, used 33280K [0x00000000d5f00000, 0x00000000d8980000, 0x0000000100000000)
  eden space 33280K, 100% used [0x00000000d5f00000,0x00000000d7f80000,0x00000000d7f80000)
  from space 5120K, 0% used [0x00000000d8480000,0x00000000d8480000,0x00000000d8980000)
  to   space 5120K, 0% used [0x00000000d7f80000,0x00000000d7f80000,0x00000000d8480000)
 ParOldGen       total 87552K, used 0K [0x0000000081c00000, 0x0000000087180000, 0x00000000d5f00000)
  object space 87552K, 0% used [0x0000000081c00000,0x0000000081c00000,0x0000000087180000)
 Metaspace       used 8992K, capacity 9186K, committed 9344K, reserved 1056768K
  class space    used 1038K, capacity 1125K, committed 1152K, reserved 1048576K
Event: 1.607 GC heap after
Heap after GC invocations=1 (full 0):
 PSYoungGen      total 38400K, used 5120K [0x00000000d5f00000, 0x00000000daa00000, 0x0000000100000000)
  eden space 33280K, 0% used [0x00000000d5f00000,0x00000000d5f00000,0x00000000d7f80000)
  from space 5120K, 100% used [0x00000000d7f80000,0x00000000d8480000,0x00000000d8480000)
  to   space 5120K, 0% used [0x00000000da500000,0x00000000da500000,0x00000000daa00000)
 ParOldGen       total 87552K, used 11509K [0x0000000081c00000, 0x0000000087180000, 0x00000000d5f00000)
  object space 87552K, 13% used [0x0000000081c00000,0x000000008273d640,0x0000000087180000)
 Metaspace       used 8992K, capacity 9186K, committed 9344K, reserved 1056768K
  class space    used 1038K, capacity 1125K, committed 1152K, reserved 1048576K
}

Deoptimization events (6 events):
Event: 1.215 Thread 0x0000000003042800 Uncommon trap: reason=unstable_if action=reinterpret pc=0x00000000032b1e14 method=java.lang.ThreadLocal$ThreadLocalMap.getEntry(Ljava/lang/ThreadLocal;)Ljava/lang/ThreadLocal$ThreadLocalMap$Entry; @ 21
Event: 1.350 Thread 0x0000000003042800 Uncommon trap: reason=unstable_if action=reinterpret pc=0x00000000032f5024 method=java.lang.AbstractStringBuilder.append(Ljava/lang/String;)Ljava/lang/AbstractStringBuilder; @ 1
Event: 1.351 Thread 0x0000000003042800 Uncommon trap: reason=unstable_if action=reinterpret pc=0x00000000032d49f8 method=java.lang.AbstractStringBuilder.append(Ljava/lang/String;)Ljava/lang/AbstractStringBuilder; @ 1
Event: 1.462 Thread 0x0000000003042800 Uncommon trap: reason=unstable_if action=reinterpret pc=0x00000000032dd2d4 method=sun.nio.fs.WindowsPathParser.nextNonSlash(Ljava/lang/String;II)I @ 2
Event: 1.462 Thread 0x0000000003042800 Uncommon trap: reason=unstable_if action=reinterpret pc=0x00000000032ed5a4 method=java.lang.String.<init>([CII)V @ 18
Event: 1.504 Thread 0x0000000003042800 Uncommon trap: reason=unstable_if action=reinterpret pc=0x00000000032e1f78 method=java.lang.String.<init>([CII)V @ 18

Classes redefined (0 events):
No events

Internal exceptions (10 events):
Event: 1.080 Thread 0x0000000003042800 Exception <a 'java/security/PrivilegedActionException'> (0x00000000d78b9780) thrown at [C:\jenkins\workspace\8-2-build-windows-amd64-cygwin\jdk8u251\737\hotspot\src\share\vm\prims\jvm.cpp, line 1502]
Event: 1.082 Thread 0x0000000003042800 Exception <a 'java/security/PrivilegedActionException'> (0x00000000d78bd3f0) thrown at [C:\jenkins\workspace\8-2-build-windows-amd64-cygwin\jdk8u251\737\hotspot\src\share\vm\prims\jvm.cpp, line 1502]
Event: 1.082 Thread 0x0000000003042800 Exception <a 'java/security/PrivilegedActionException'> (0x00000000d78bd600) thrown at [C:\jenkins\workspace\8-2-build-windows-amd64-cygwin\jdk8u251\737\hotspot\src\share\vm\prims\jvm.cpp, line 1502]
Event: 1.106 Thread 0x0000000003042800 Exception <a 'java/io/FileNotFoundException'> (0x00000000d78c0328) thrown at [C:\jenkins\workspace\8-2-build-windows-amd64-cygwin\jdk8u251\737\hotspot\src\share\vm\prims\jni.cpp, line 710]
Event: 1.163 Thread 0x0000000003042800 Exception <a 'java/lang/NoSuchFieldError': method resolution failed> (0x00000000d7990b20) thrown at [C:\jenkins\workspace\8-2-build-windows-amd64-cygwin\jdk8u251\737\hotspot\src\share\vm\prims\methodHandles.cpp, line 1167]
Event: 1.165 Thread 0x0000000003042800 Exception <a 'java/lang/NoSuchFieldError': method resolution failed> (0x00000000d799dec0) thrown at [C:\jenkins\workspace\8-2-build-windows-amd64-cygwin\jdk8u251\737\hotspot\src\share\vm\prims\methodHandles.cpp, line 1167]
Event: 1.215 Thread 0x0000000003042800 Implicit null exception at 0x00000000032b1d74 to 0x00000000032b1df5
Event: 1.268 Thread 0x0000000003042800 Exception <a 'java/io/FileNotFoundException'> (0x00000000d7a38cd0) thrown at [C:\jenkins\workspace\8-2-build-windows-amd64-cygwin\jdk8u251\737\hotspot\src\share\vm\prims\jni.cpp, line 710]
Event: 1.350 Thread 0x0000000003042800 Implicit null exception at 0x00000000032f4c96 to 0x00000000032f500d
Event: 1.351 Thread 0x0000000003042800 Implicit null exception at 0x00000000032d4876 to 0x00000000032d49e9

Events (10 events):
Event: 1.750 loading class javax/swing/Scrollable done
Event: 1.751 loading class javax/swing/text/JTextComponent done
Event: 1.751 loading class java/awt/event/MouseWheelEvent
Event: 1.752 loading class java/awt/event/MouseWheelEvent done
Event: 1.752 loading class java/awt/AWTEvent$2
Event: 1.752 loading class java/awt/AWTEvent$2 done
Event: 1.752 loading class sun/reflect/UnsafeBooleanFieldAccessorImpl
Event: 1.753 loading class sun/reflect/UnsafeBooleanFieldAccessorImpl done
Event: 2.923 Thread 0x0000000003042800 DEOPT PACKING pc=0x000000000347b568 sp=0x0000000002f3f330
Event: 2.923 Thread 0x0000000003042800 DEOPT UNPACKING pc=0x0000000003187890 sp=0x0000000002f3f058 mode 0


Dynamic libraries:
0x00007ff74ebe0000 - 0x00007ff74ec17000 	C:\Program Files\Java\jre1.8.0_251\bin\javaw.exe
0x00007ffaf8710000 - 0x00007ffaf8905000 	C:\WINDOWS\SYSTEM32\ntdll.dll
0x00007ffaf7500000 - 0x00007ffaf75bd000 	C:\WINDOWS\System32\KERNEL32.DLL
0x00007ffaf5e50000 - 0x00007ffaf6117000 	C:\WINDOWS\System32\KERNELBASE.dll
0x00007ffaf85c0000 - 0x00007ffaf866a000 	C:\WINDOWS\System32\ADVAPI32.dll
0x00007ffaf7650000 - 0x00007ffaf76ee000 	C:\WINDOWS\System32\msvcrt.dll
0x00007ffaf84c0000 - 0x00007ffaf855b000 	C:\WINDOWS\System32\sechost.dll
0x00007ffaf77d0000 - 0x00007ffaf78f4000 	C:\WINDOWS\System32\RPCRT4.dll
0x00007ffaf6770000 - 0x00007ffaf6910000 	C:\WINDOWS\System32\USER32.dll
0x00007ffaf6430000 - 0x00007ffaf6452000 	C:\WINDOWS\System32\win32u.dll
0x00007ffaf7d40000 - 0x00007ffaf7d6a000 	C:\WINDOWS\System32\GDI32.dll
0x00007ffaf64b0000 - 0x00007ffaf65b9000 	C:\WINDOWS\System32\gdi32full.dll
0x00007ffaf6120000 - 0x00007ffaf61bd000 	C:\WINDOWS\System32\msvcp_win.dll
0x00007ffaf6670000 - 0x00007ffaf6770000 	C:\WINDOWS\System32\ucrtbase.dll
0x00007ffae8200000 - 0x00007ffae849b000 	C:\WINDOWS\WinSxS\amd64_microsoft.windows.common-controls_6595b64144ccf1df_6.0.19041.488_none_ca04af081b815d21\COMCTL32.dll
0x00007ffaf6a60000 - 0x00007ffaf6a90000 	C:\WINDOWS\System32\IMM32.DLL
0x0000000050340000 - 0x0000000050412000 	C:\Program Files\Java\jre1.8.0_251\bin\msvcr100.dll
0x0000000077540000 - 0x0000000077deb000 	C:\Program Files\Java\jre1.8.0_251\bin\server\jvm.dll
0x00007ffaf7190000 - 0x00007ffaf7198000 	C:\WINDOWS\System32\PSAPI.DLL
0x00007ffaeab80000 - 0x00007ffaeab89000 	C:\WINDOWS\SYSTEM32\WSOCK32.dll
0x00007ffaed8e0000 - 0x00007ffaed907000 	C:\WINDOWS\SYSTEM32\WINMM.dll
0x00007ffaf7970000 - 0x00007ffaf79db000 	C:\WINDOWS\System32\WS2_32.dll
0x00007ffaf0ef0000 - 0x00007ffaf0efa000 	C:\WINDOWS\SYSTEM32\VERSION.dll
0x00007ffaef630000 - 0x00007ffaef63f000 	C:\Program Files\Java\jre1.8.0_251\bin\verify.dll
0x00007ffadbd00000 - 0x00007ffadbd29000 	C:\Program Files\Java\jre1.8.0_251\bin\java.dll
0x00007ffae4c60000 - 0x00007ffae4c76000 	C:\Program Files\Java\jre1.8.0_251\bin\zip.dll
0x00007ffaf7d70000 - 0x00007ffaf84b1000 	C:\WINDOWS\System32\SHELL32.dll
0x00007ffaf3e90000 - 0x00007ffaf4623000 	C:\WINDOWS\SYSTEM32\windows.storage.dll
0x00007ffaf71a0000 - 0x00007ffaf74f5000 	C:\WINDOWS\System32\combase.dll
0x00007ffaf57f0000 - 0x00007ffaf581c000 	C:\WINDOWS\SYSTEM32\Wldp.dll
0x00007ffaf6f20000 - 0x00007ffaf6fce000 	C:\WINDOWS\System32\SHCORE.dll
0x00007ffaf79e0000 - 0x00007ffaf7a35000 	C:\WINDOWS\System32\shlwapi.dll
0x00007ffaf5d80000 - 0x00007ffaf5da6000 	C:\WINDOWS\SYSTEM32\profapi.dll
0x00007ffadbce0000 - 0x00007ffadbcfa000 	C:\Program Files\Java\jre1.8.0_251\bin\net.dll
0x00007ffaf5570000 - 0x00007ffaf55da000 	C:\WINDOWS\system32\mswsock.dll
0x00007ffae3b80000 - 0x00007ffae3b92000 	C:\Program Files\Java\jre1.8.0_251\bin\nio.dll
0x00007ffacd970000 - 0x00007ffacd9dd000 	C:\Users\Marcus\Documents\swigwin-4.0.1\swigwin-4.0.1\Examples\JavaPorts\JavaPorts\GA_Ports.dll
0x00007ffaef310000 - 0x00007ffaef325000 	C:\Program Files\Java\jre1.8.0_251\bin\VCRUNTIME140.dll
0x00007ffabbba0000 - 0x00007ffabbc3b000 	C:\Program Files\Java\jre1.8.0_251\bin\MSVCP140.dll
0x00007ffaf5760000 - 0x00007ffaf576c000 	C:\WINDOWS\SYSTEM32\CRYPTBASE.DLL
0x00007ffaf65f0000 - 0x00007ffaf666f000 	C:\WINDOWS\System32\bcryptPrimitives.dll
0x00007ffaba280000 - 0x00007ffaba41a000 	C:\Program Files\Java\jre1.8.0_251\bin\awt.dll
0x00007ffaf6990000 - 0x00007ffaf6a5d000 	C:\WINDOWS\System32\OLEAUT32.dll
0x00007ffaf36c0000 - 0x00007ffaf3750000 	C:\WINDOWS\SYSTEM32\apphelp.dll
0x00007ffaf3ad0000 - 0x00007ffaf3aff000 	C:\WINDOWS\system32\DWMAPI.DLL
0x00007ffaf37f0000 - 0x00007ffaf388f000 	C:\WINDOWS\system32\uxtheme.dll
0x00007ffad8f70000 - 0x00007ffad9095000 	C:\WINDOWS\system32\opengl32.dll
0x00007ffae54c0000 - 0x00007ffae54ec000 	C:\WINDOWS\SYSTEM32\GLU32.dll
0x00007ffaf7b70000 - 0x00007ffaf7c85000 	C:\WINDOWS\System32\MSCTF.dll
0x00007ffaf7a40000 - 0x00007ffaf7b69000 	C:\WINDOWS\System32\ole32.dll
0x00007ffaf4770000 - 0x00007ffaf4783000 	C:\WINDOWS\SYSTEM32\kernel.appcore.dll
0x00007ffad0480000 - 0x00007ffad04c9000 	C:\Program Files\Java\jre1.8.0_251\bin\fontmanager.dll
0x00007ffae65f0000 - 0x00007ffae66ed000 	C:\WINDOWS\SYSTEM32\textinputframework.dll
0x00007ffaf3400000 - 0x00007ffaf34f2000 	C:\WINDOWS\System32\CoreMessaging.dll
0x00007ffaf2d20000 - 0x00007ffaf307a000 	C:\WINDOWS\System32\CoreUIComponents.dll
0x00007ffaf1d30000 - 0x00007ffaf1e86000 	C:\WINDOWS\SYSTEM32\wintypes.dll
0x00007ffaf4b80000 - 0x00007ffaf4bb3000 	C:\WINDOWS\SYSTEM32\ntmarta.dll
0x00007ffaf1970000 - 0x00007ffaf1b54000 	C:\WINDOWS\SYSTEM32\dbghelp.dll

VM Arguments:
jvm_args: -Dfile.encoding=Cp1252 
java_command: PlayLevel
java_class_path (initial): C:\Users\Marcus\Documents\eclipWorkspace\Mario-AI\src\neat-java-mario\bin
Launcher Type: SUN_STANDARD

Environment Variables:
JAVA_HOME=C:\Program Files\Java\jdk1.8.0_121
PATH=C:/Program Files/Java/jre1.8.0_251/bin/server;C:/Program Files/Java/jre1.8.0_251/bin;C:/Program Files/Java/jre1.8.0_251/lib/amd64;C:\Program Files (x86)\Common Files\Oracle\Java\javapath;C:\Program Files (x86)\Razer Chroma SDK\bin;C:\Program Files\Razer Chroma SDK\bin;C:\Program Files (x86)\NVIDIA Corporation\PhysX\Common;C:\ProgramData\Oracle\Java\javapath;C:\Program Files (x86)\Intel\iCLS Client\;C:\Program Files\Intel\iCLS Client\;C:\Windows\System32;C:\Windows;C:\Windows\System32\wbem;C:\Windows\System32\WindowsPowerShell\v1.0\;C:\Program Files (x86)\Intel\Intel(R) Management Engine Components\DAL;C:\Program Files\Intel\Intel(R) Management Engine Components\DAL;C:\Program Files (x86)\Intel\Intel(R) Management Engine Components\IPT;C:\Program Files\Intel\Intel(R) Management Engine Components\IPT;C:\Program Files (x86)\Windows Live\Shared;C:\Program Files (x86)\PuTTY\;C:\Program Files (x86)\GtkSharp\2.12\bin;C:\Windows\System32\OpenSSH\;C:\Program Files\MiKTeX 2.9\miktex\bin\x64\;C:\Program Files\Intel\WiFi\bin\;C:\Program Files\Common Files\Intel\WirelessCommon\;C:\Program Files\Git\cmd;C:\Windows\System32\config\systemprofile\AppData\Local\Microsoft\WindowsApps;C:\Program Files\dotnet\;C:\Windows\System32;C:\Windows;C:\Windows\System32\wbem;C:\Windows\System32\WindowsPowerShell\v1.0\;C:\Windows\System32\OpenSSH\;C:\Qt\5.12.5\msvc2017_64\bin;C:\Program Files\CMake\bin;C:\Users\Marcus\.mujoco\mjpro150\bin;C:\ffmpeg\bin;C:\Program Files\Java\jdk1.8.0_121\bin\bin;C:\MinGW\bin;C:\Users\Marcus\Documents\swigwin-4.0.1\swigwin-4.0.1;C:\Users\Marcus\AppData\Local\Programs\Python\Python38\Scripts\;C:\Users\Marcus\AppData\Local\Programs\Python\Python38\;C:\Users\Marcus\AppData\Local\Microsoft\WindowsApps;C:\Users\Marcus\.dotnet\tools;C:\WINDOWS\System32;
USERNAME=Marcus
OS=Windows_NT
PROCESSOR_IDENTIFIER=Intel64 Family 6 Model 142 Stepping 9, GenuineIntel

[error occurred during error reporting (printing environment variables), id 0xc0000005]



---------------  S Y S T E M  ---------------

OS: Windows 10.0 , 64 bit Build 19041 (10.0.19041.292)

CPU:total 4 (initial active 4) (2 cores per cpu, 2 threads per core) family 6 model 142 stepping 9, cmov, cx8, fxsr, mmx, sse, sse2, sse3, ssse3, sse4.1, sse4.2, popcnt, avx, avx2, aes, clmul, erms, 3dnowpref, lzcnt, ht, tsc, tscinvbit, bmi1, bmi2, adx

Memory: 4k page, physical 8270232k(2527392k free), swap 11337300k(2483384k free)

vm_info: Java HotSpot(TM) 64-Bit Server VM (25.251-b08) for windows-amd64 JRE (1.8.0_251-b08), built on Mar 12 2020 06:31:49 by "" with MS VC++ 10.0 (VS2010)

time: Sun Oct 04 11:55:47 2020
timezone: Västeuropa, sommartid
elapsed time: 4 seconds (0d 0h 0m 4s)

