#
# A fatal error has been detected by the Java Runtime Environment:
#
#  EXCEPTION_ACCESS_VIOLATION (0xc0000005) at pc=0x00007ffaf87b5c15, pid=16688, tid=0x0000000000004d54
#
# JRE version: Java(TM) SE Runtime Environment (8.0_251-b08) (build 1.8.0_251-b08)
# Java VM: Java HotSpot(TM) 64-Bit Server VM (25.251-b08 mixed mode windows-amd64 compressed oops)
# Problematic frame:
# C  [ntdll.dll+0xa5c15]
#
# Failed to write core dump. Minidumps are not enabled by default on client versions of Windows
#
# If you would like to submit a bug report, please visit:
#   http://bugreport.java.com/bugreport/crash.jsp
# The crash happened outside the Java Virtual Machine in native code.
# See problematic frame for where to report the bug.
#

---------------  T H R E A D  ---------------

Current thread (0x0000000003022800):  JavaThread "main" [_thread_in_native, id=19796, stack(0x0000000002e90000,0x0000000002f90000)]

siginfo: ExceptionCode=0xc0000005, reading address 0xffffffffffffffff

Registers:
RAX=0x000000001a5821f0, RBX=0xf0e0d0c00000000b, RCX=0x0000000000000d80, RDX=0x000000001a582f80
RSP=0x0000000002f8f170, RBP=0x0000000000000000, RSI=0x0000000001340000, RDI=0x0000000000000000
R8 =0x0000000081e96d92, R9 =0x0000000000000000, R10=0x000000001a582f80, R11=0x000000001a5c8020
R12=0x0000000000000000, R13=0x000000001a582f80, R14=0x000000001a582f70, R15=0x0000000000000001
RIP=0x00007ffaf87b5c15, EFLAGS=0x0000000000010282

Top of Stack: (sp=0x0000000002f8f170)
0x0000000002f8f170:   4030000000000000 4000000000000000
0x0000000002f8f180:   3ff0000000000002 ffffffd8ffffffd8
0x0000000002f8f190:   0000000000000000 4030000000000000
0x0000000002f8f1a0:   f0e0d0c00000000b c1e0000000000068
0x0000000002f8f1b0:   0000000000000000 000000001a58d2f0
0x0000000002f8f1c0:   0000000000000000 0000000000000000
0x0000000002f8f1d0:   0000000001540000 0000000000000000
0x0000000002f8f1e0:   cafebabecafebabe 00007ffaf8726e2c
0x0000000002f8f1f0:   0000000001540000 00008b8400000000
0x0000000002f8f200:   000000000000000a 0000000000000009
0x0000000002f8f210:   0000000002f8f380 000000001a582fa4
0x0000000002f8f220:   000000001a582f80 00007ffaf8725d21
0x0000000002f8f230:   000000000000000a 0000000001340000
0x0000000002f8f240:   000000000000000a 0000000000000000
0x0000000002f8f250:   0000000000000000 000000001a58dfb0
0x0000000002f8f260:   000000001a5c8020 00007ffaf667e97b 

Instructions: (pc=0x00007ffaf87b5c15)
0x00007ffaf87b5bf5:   00 00 48 c1 e9 0c 49 8b c6 48 2b c1 48 8b 18 48
0x00007ffaf87b5c05:   89 5c 24 30 48 85 db 0f 84 ee 04 00 00 0f 0d 0b
0x00007ffaf87b5c15:   4c 8b 4b 08 41 8b 46 0c c1 e8 08 0f b7 d0 48 8b
0x00007ffaf87b5c25:   03 4c 89 4c 24 48 89 54 24 38 48 8b 08 41 8b 41 


Register to memory mapping:

RAX=0x000000001a5821f0 is an unknown value
RBX=0xf0e0d0c00000000b is an unknown value
RCX=0x0000000000000d80 is an unknown value
RDX=0x000000001a582f80 is an unknown value
RSP=0x0000000002f8f170 is pointing into the stack for thread: 0x0000000003022800
RBP=0x0000000000000000 is an unknown value
RSI=0x0000000001340000 is an unknown value
RDI=0x0000000000000000 is an unknown value
R8 =0x0000000081e96d92 is pointing into object: 0x0000000081e96680
[C 
 - klass: {type array char}
 - length: 3216
R9 =0x0000000000000000 is an unknown value
R10=0x000000001a582f80 is an unknown value
R11=0x000000001a5c8020 is an unknown value
R12=0x0000000000000000 is an unknown value
R13=0x000000001a582f80 is an unknown value
R14=0x000000001a582f70 is an unknown value
R15=0x0000000000000001 is an unknown value


Stack: [0x0000000002e90000,0x0000000002f90000],  sp=0x0000000002f8f170,  free space=1020k
Native frames: (J=compiled Java code, j=interpreted, Vv=VM code, C=native code)

Java frames: (J=compiled Java code, j=interpreted, Vv=VM code)
J 751  exampleJNI.FloatVec_doAdd__SWIG_0(JLFloatVec;F)V (0 bytes) @ 0x000000000341935b [0x0000000003419300+0x5b]
J 750 C1 NEATAgent.addInputValue(LFloatVec;Z)V (26 bytes) @ 0x0000000003417d2c [0x00000000034176a0+0x68c]
j  NEATAgent.makeNetworkInput([Z)LFloatVec;+18
j  NEATAgent.calculateInput()V+8
j  LevelHandler.runGameWithVisuals(LNEATAgent;I)V+47
j  NEATTester.loadAndShowEliteAgent(Ljava/lang/String;II)V+39
j  PlayLevel.main([Ljava/lang/String;)V+30
v  ~StubRoutines::call_stub

---------------  P R O C E S S  ---------------

Java Threads: ( => current thread )
  0x0000000019cc6800 JavaThread "AWT-EventQueue-0" [_thread_blocked, id=6440, stack(0x000000001d040000,0x000000001d140000)]
  0x0000000019919800 JavaThread "AWT-Windows" daemon [_thread_in_native, id=10872, stack(0x000000001c650000,0x000000001c750000)]
  0x000000001984f800 JavaThread "AWT-Shutdown" [_thread_blocked, id=3172, stack(0x000000001c550000,0x000000001c650000)]
  0x000000001984e800 JavaThread "Java2D Disposer" daemon [_thread_blocked, id=18264, stack(0x000000001c450000,0x000000001c550000)]
  0x0000000017cae800 JavaThread "Service Thread" daemon [_thread_blocked, id=19764, stack(0x00000000199a0000,0x0000000019aa0000)]
  0x0000000017c5e800 JavaThread "C1 CompilerThread2" daemon [_thread_blocked, id=19984, stack(0x00000000194a0000,0x00000000195a0000)]
  0x0000000017c5a000 JavaThread "C2 CompilerThread1" daemon [_thread_blocked, id=8168, stack(0x00000000193a0000,0x00000000194a0000)]
  0x0000000017c53000 JavaThread "C2 CompilerThread0" daemon [_thread_blocked, id=14940, stack(0x00000000192a0000,0x00000000193a0000)]
  0x0000000017c51000 JavaThread "Attach Listener" daemon [_thread_blocked, id=13488, stack(0x00000000191a0000,0x00000000192a0000)]
  0x0000000017c4e000 JavaThread "Signal Dispatcher" daemon [_thread_blocked, id=6076, stack(0x00000000190a0000,0x00000000191a0000)]
  0x0000000017c3f800 JavaThread "Finalizer" daemon [_thread_blocked, id=140, stack(0x0000000018ea0000,0x0000000018fa0000)]
  0x0000000017c19000 JavaThread "Reference Handler" daemon [_thread_blocked, id=12256, stack(0x0000000018da0000,0x0000000018ea0000)]
=>0x0000000003022800 JavaThread "main" [_thread_in_native, id=19796, stack(0x0000000002e90000,0x0000000002f90000)]

Other Threads:
  0x0000000017c18000 VMThread [stack: 0x0000000018ca0000,0x0000000018da0000] [id=13028]
  0x00000000195dc000 WatcherThread [stack: 0x0000000019aa0000,0x0000000019ba0000] [id=14768]

VM state:not at safepoint (normal execution)

VM Mutex/Monitor currently owned by a thread: None

heap address: 0x0000000081c00000, size: 2020 MB, Compressed Oops mode: 32-bit
Narrow klass base: 0x0000000000000000, Narrow klass shift: 3
Compressed class space size: 1073741824 Address: 0x0000000100000000

Heap:
 PSYoungGen      total 38400K, used 25621K [0x00000000d5f00000, 0x00000000d8980000, 0x0000000100000000)
  eden space 33280K, 61% used [0x00000000d5f00000,0x00000000d730d7a8,0x00000000d7f80000)
  from space 5120K, 99% used [0x00000000d7f80000,0x00000000d8478030,0x00000000d8480000)
  to   space 5120K, 0% used [0x00000000d8480000,0x00000000d8480000,0x00000000d8980000)
 ParOldGen       total 87552K, used 11509K [0x0000000081c00000, 0x0000000087180000, 0x00000000d5f00000)
  object space 87552K, 13% used [0x0000000081c00000,0x000000008273d760,0x0000000087180000)
 Metaspace       used 9826K, capacity 10034K, committed 10240K, reserved 1058816K
  class space    used 1130K, capacity 1189K, committed 1280K, reserved 1048576K

Card table byte_map: [0x00000000124e0000,0x00000000128e0000] byte_map_base: 0x00000000120d2000

Marking Bits: (ParMarkBitMap*) 0x0000000077d6af90
 Begin Bits: [0x0000000012f90000, 0x0000000014f20000)
 End Bits:   [0x0000000014f20000, 0x0000000016eb0000)

Polling page: 0x0000000002f90000

CodeCache: size=245760Kb used=3261Kb max_used=3261Kb free=242498Kb
 bounds [0x0000000003120000, 0x0000000003460000, 0x0000000012120000]
 total_blobs=1282 nmethods=807 adapters=388
 compilation: enabled

Compilation events (10 events):
Event: 4.522 Thread 0x0000000017c5e800  803       3       java.awt.geom.AffineTransform::scale (285 bytes)
Event: 4.522 Thread 0x0000000017c5e800 nmethod 803 0x000000000344e8d0 code [0x000000000344eac0, 0x000000000344f228]
Event: 4.522 Thread 0x0000000017c5e800  804       3       engine.core.MarioRender::drawString (54 bytes)
Event: 4.523 Thread 0x0000000017c5e800 nmethod 804 0x000000000344f390 code [0x000000000344f540, 0x000000000344fad8]
Event: 4.569 Thread 0x0000000017c5e800  805       3       java.lang.Math::floor (5 bytes)
Event: 4.569 Thread 0x0000000017c5e800 nmethod 805 0x000000000344fe50 code [0x000000000344ffe0, 0x00000000034501a8]
Event: 4.569 Thread 0x0000000017c5e800  806       3       java.lang.StrictMath::floor (12 bytes)
Event: 4.569 Thread 0x0000000017c5e800 nmethod 806 0x0000000003450290 code [0x0000000003450420, 0x00000000034505a8]
Event: 4.848 Thread 0x0000000017c5e800  807       3       engine.core.MarioSprite::<init> (70 bytes)
Event: 4.848 Thread 0x0000000017c5e800 nmethod 807 0x0000000003450650 code [0x00000000034507c0, 0x0000000003450a10]

GC Heap History (2 events):
Event: 1.444 GC heap before
{Heap before GC invocations=1 (full 0):
 PSYoungGen      total 38400K, used 33280K [0x00000000d5f00000, 0x00000000d8980000, 0x0000000100000000)
  eden space 33280K, 100% used [0x00000000d5f00000,0x00000000d7f80000,0x00000000d7f80000)
  from space 5120K, 0% used [0x00000000d8480000,0x00000000d8480000,0x00000000d8980000)
  to   space 5120K, 0% used [0x00000000d7f80000,0x00000000d7f80000,0x00000000d8480000)
 ParOldGen       total 87552K, used 0K [0x0000000081c00000, 0x0000000087180000, 0x00000000d5f00000)
  object space 87552K, 0% used [0x0000000081c00000,0x0000000081c00000,0x0000000087180000)
 Metaspace       used 9010K, capacity 9202K, committed 9344K, reserved 1056768K
  class space    used 1038K, capacity 1125K, committed 1152K, reserved 1048576K
Event: 1.455 GC heap after
Heap after GC invocations=1 (full 0):
 PSYoungGen      total 38400K, used 5088K [0x00000000d5f00000, 0x00000000d8980000, 0x0000000100000000)
  eden space 33280K, 0% used [0x00000000d5f00000,0x00000000d5f00000,0x00000000d7f80000)
  from space 5120K, 99% used [0x00000000d7f80000,0x00000000d8478030,0x00000000d8480000)
  to   space 5120K, 0% used [0x00000000d8480000,0x00000000d8480000,0x00000000d8980000)
 ParOldGen       total 87552K, used 11509K [0x0000000081c00000, 0x0000000087180000, 0x00000000d5f00000)
  object space 87552K, 13% used [0x0000000081c00000,0x000000008273d760,0x0000000087180000)
 Metaspace       used 9010K, capacity 9202K, committed 9344K, reserved 1056768K
  class space    used 1038K, capacity 1125K, committed 1152K, reserved 1048576K
}

Deoptimization events (6 events):
Event: 1.206 Thread 0x0000000003022800 Uncommon trap: reason=unstable_if action=reinterpret pc=0x000000000329c6d4 method=java.lang.ThreadLocal$ThreadLocalMap.getEntry(Ljava/lang/ThreadLocal;)Ljava/lang/ThreadLocal$ThreadLocalMap$Entry; @ 21
Event: 1.282 Thread 0x0000000003022800 Uncommon trap: reason=unstable_if action=reinterpret pc=0x00000000032d49a4 method=java.lang.AbstractStringBuilder.append(Ljava/lang/String;)Ljava/lang/AbstractStringBuilder; @ 1
Event: 1.283 Thread 0x0000000003022800 Uncommon trap: reason=unstable_if action=reinterpret pc=0x00000000032b41b8 method=java.lang.AbstractStringBuilder.append(Ljava/lang/String;)Ljava/lang/AbstractStringBuilder; @ 1
Event: 1.347 Thread 0x0000000003022800 Uncommon trap: reason=unstable_if action=reinterpret pc=0x00000000032bbf94 method=sun.nio.fs.WindowsPathParser.nextNonSlash(Ljava/lang/String;II)I @ 2
Event: 1.347 Thread 0x0000000003022800 Uncommon trap: reason=unstable_if action=reinterpret pc=0x00000000032cd264 method=java.lang.String.<init>([CII)V @ 18
Event: 1.365 Thread 0x0000000003022800 Uncommon trap: reason=unstable_if action=reinterpret pc=0x00000000032c0c38 method=java.lang.String.<init>([CII)V @ 18

Classes redefined (0 events):
No events

Internal exceptions (10 events):
Event: 1.121 Thread 0x0000000003022800 Exception <a 'java/security/PrivilegedActionException'> (0x00000000d78ba5f0) thrown at [C:\jenkins\workspace\8-2-build-windows-amd64-cygwin\jdk8u251\737\hotspot\src\share\vm\prims\jvm.cpp, line 1502]
Event: 1.122 Thread 0x0000000003022800 Exception <a 'java/security/PrivilegedActionException'> (0x00000000d78be260) thrown at [C:\jenkins\workspace\8-2-build-windows-amd64-cygwin\jdk8u251\737\hotspot\src\share\vm\prims\jvm.cpp, line 1502]
Event: 1.122 Thread 0x0000000003022800 Exception <a 'java/security/PrivilegedActionException'> (0x00000000d78be470) thrown at [C:\jenkins\workspace\8-2-build-windows-amd64-cygwin\jdk8u251\737\hotspot\src\share\vm\prims\jvm.cpp, line 1502]
Event: 1.128 Thread 0x0000000003022800 Exception <a 'java/io/FileNotFoundException'> (0x00000000d78c1198) thrown at [C:\jenkins\workspace\8-2-build-windows-amd64-cygwin\jdk8u251\737\hotspot\src\share\vm\prims\jni.cpp, line 710]
Event: 1.173 Thread 0x0000000003022800 Exception <a 'java/lang/NoSuchFieldError': method resolution failed> (0x00000000d79918e0) thrown at [C:\jenkins\workspace\8-2-build-windows-amd64-cygwin\jdk8u251\737\hotspot\src\share\vm\prims\methodHandles.cpp, line 1167]
Event: 1.175 Thread 0x0000000003022800 Exception <a 'java/lang/NoSuchFieldError': method resolution failed> (0x00000000d799ec80) thrown at [C:\jenkins\workspace\8-2-build-windows-amd64-cygwin\jdk8u251\737\hotspot\src\share\vm\prims\methodHandles.cpp, line 1167]
Event: 1.206 Thread 0x0000000003022800 Implicit null exception at 0x000000000329c634 to 0x000000000329c6b5
Event: 1.226 Thread 0x0000000003022800 Exception <a 'java/io/FileNotFoundException'> (0x00000000d7a39e80) thrown at [C:\jenkins\workspace\8-2-build-windows-amd64-cygwin\jdk8u251\737\hotspot\src\share\vm\prims\jni.cpp, line 710]
Event: 1.282 Thread 0x0000000003022800 Implicit null exception at 0x00000000032d4616 to 0x00000000032d498d
Event: 1.283 Thread 0x0000000003022800 Implicit null exception at 0x00000000032b4036 to 0x00000000032b41a9

Events (10 events):
Event: 1.562 loading class engine/core/MarioForwardModel
Event: 1.562 loading class engine/core/MarioForwardModel done
Event: 1.564 loading class java/lang/StrictMath
Event: 1.565 loading class java/lang/StrictMath done
Event: 1.565 loading class FloatVec
Event: 1.565 loading class FloatVec done
Event: 2.734 Thread 0x0000000003022800 DEOPT PACKING pc=0x00000000034280a8 sp=0x0000000002f8f3d0
Event: 2.734 Thread 0x0000000003022800 DEOPT UNPACKING pc=0x0000000003167890 sp=0x0000000002f8f0f8 mode 0
Event: 4.185 Executing VM operation: EnableBiasedLocking
Event: 4.185 Executing VM operation: EnableBiasedLocking done


Dynamic libraries:
0x00007ff74ebe0000 - 0x00007ff74ec17000 	C:\Program Files\Java\jre1.8.0_251\bin\javaw.exe
0x00007ffaf8710000 - 0x00007ffaf8905000 	C:\WINDOWS\SYSTEM32\ntdll.dll
0x00007ffaf7500000 - 0x00007ffaf75bd000 	C:\WINDOWS\System32\KERNEL32.DLL
0x00007ffaf5e50000 - 0x00007ffaf6117000 	C:\WINDOWS\System32\KERNELBASE.dll
0x00007ffaf85c0000 - 0x00007ffaf866a000 	C:\WINDOWS\System32\ADVAPI32.dll
0x00007ffaf7650000 - 0x00007ffaf76ee000 	C:\WINDOWS\System32\msvcrt.dll
0x00007ffaf84c0000 - 0x00007ffaf855b000 	C:\WINDOWS\System32\sechost.dll
0x00007ffaf77d0000 - 0x00007ffaf78f4000 	C:\WINDOWS\System32\RPCRT4.dll
0x00007ffaf6770000 - 0x00007ffaf6910000 	C:\WINDOWS\System32\USER32.dll
0x00007ffaf6430000 - 0x00007ffaf6452000 	C:\WINDOWS\System32\win32u.dll
0x00007ffaf7d40000 - 0x00007ffaf7d6a000 	C:\WINDOWS\System32\GDI32.dll
0x00007ffaf64b0000 - 0x00007ffaf65b9000 	C:\WINDOWS\System32\gdi32full.dll
0x00007ffaf6120000 - 0x00007ffaf61bd000 	C:\WINDOWS\System32\msvcp_win.dll
0x00007ffaf6670000 - 0x00007ffaf6770000 	C:\WINDOWS\System32\ucrtbase.dll
0x00007ffae8200000 - 0x00007ffae849b000 	C:\WINDOWS\WinSxS\amd64_microsoft.windows.common-controls_6595b64144ccf1df_6.0.19041.488_none_ca04af081b815d21\COMCTL32.dll
0x00007ffaf6a60000 - 0x00007ffaf6a90000 	C:\WINDOWS\System32\IMM32.DLL
0x0000000050340000 - 0x0000000050412000 	C:\Program Files\Java\jre1.8.0_251\bin\msvcr100.dll
0x0000000077540000 - 0x0000000077deb000 	C:\Program Files\Java\jre1.8.0_251\bin\server\jvm.dll
0x00007ffaf7190000 - 0x00007ffaf7198000 	C:\WINDOWS\System32\PSAPI.DLL
0x00007ffaf0ef0000 - 0x00007ffaf0efa000 	C:\WINDOWS\SYSTEM32\VERSION.dll
0x00007ffaed8e0000 - 0x00007ffaed907000 	C:\WINDOWS\SYSTEM32\WINMM.dll
0x00007ffaeab80000 - 0x00007ffaeab89000 	C:\WINDOWS\SYSTEM32\WSOCK32.dll
0x00007ffaf7970000 - 0x00007ffaf79db000 	C:\WINDOWS\System32\WS2_32.dll
0x00007ffaef630000 - 0x00007ffaef63f000 	C:\Program Files\Java\jre1.8.0_251\bin\verify.dll
0x00007ffadbd00000 - 0x00007ffadbd29000 	C:\Program Files\Java\jre1.8.0_251\bin\java.dll
0x00007ffae4c60000 - 0x00007ffae4c76000 	C:\Program Files\Java\jre1.8.0_251\bin\zip.dll
0x00007ffaf7d70000 - 0x00007ffaf84b1000 	C:\WINDOWS\System32\SHELL32.dll
0x00007ffaf3e90000 - 0x00007ffaf4623000 	C:\WINDOWS\SYSTEM32\windows.storage.dll
0x00007ffaf71a0000 - 0x00007ffaf74f5000 	C:\WINDOWS\System32\combase.dll
0x00007ffaf57f0000 - 0x00007ffaf581c000 	C:\WINDOWS\SYSTEM32\Wldp.dll
0x00007ffaf6f20000 - 0x00007ffaf6fce000 	C:\WINDOWS\System32\SHCORE.dll
0x00007ffaf79e0000 - 0x00007ffaf7a35000 	C:\WINDOWS\System32\shlwapi.dll
0x00007ffaf5d80000 - 0x00007ffaf5da6000 	C:\WINDOWS\SYSTEM32\profapi.dll
0x00007ffadbce0000 - 0x00007ffadbcfa000 	C:\Program Files\Java\jre1.8.0_251\bin\net.dll
0x00007ffaf5570000 - 0x00007ffaf55da000 	C:\WINDOWS\system32\mswsock.dll
0x00007ffae3b80000 - 0x00007ffae3b92000 	C:\Program Files\Java\jre1.8.0_251\bin\nio.dll
0x00007ffae4370000 - 0x00007ffae43dd000 	C:\Users\Marcus\Documents\swigwin-4.0.1\swigwin-4.0.1\Examples\JavaPorts\JavaPorts\GA_Ports.dll
0x00007ffaef310000 - 0x00007ffaef325000 	C:\Program Files\Java\jre1.8.0_251\bin\VCRUNTIME140.dll
0x00007ffabfbc0000 - 0x00007ffabfc5b000 	C:\Program Files\Java\jre1.8.0_251\bin\MSVCP140.dll
0x00007ffaf5760000 - 0x00007ffaf576c000 	C:\WINDOWS\SYSTEM32\CRYPTBASE.DLL
0x00007ffaf65f0000 - 0x00007ffaf666f000 	C:\WINDOWS\System32\bcryptPrimitives.dll
0x00007ffaba990000 - 0x00007ffabab2a000 	C:\Program Files\Java\jre1.8.0_251\bin\awt.dll
0x00007ffaf6990000 - 0x00007ffaf6a5d000 	C:\WINDOWS\System32\OLEAUT32.dll
0x00007ffaf36c0000 - 0x00007ffaf3750000 	C:\WINDOWS\SYSTEM32\apphelp.dll
0x00007ffaf3ad0000 - 0x00007ffaf3aff000 	C:\WINDOWS\system32\DWMAPI.DLL
0x00007ffaf37f0000 - 0x00007ffaf388f000 	C:\WINDOWS\system32\uxtheme.dll
0x00007ffad8f70000 - 0x00007ffad9095000 	C:\WINDOWS\system32\opengl32.dll
0x00007ffae54c0000 - 0x00007ffae54ec000 	C:\WINDOWS\SYSTEM32\GLU32.dll
0x00007ffaf7b70000 - 0x00007ffaf7c85000 	C:\WINDOWS\System32\MSCTF.dll
0x00007ffaf7a40000 - 0x00007ffaf7b69000 	C:\WINDOWS\System32\ole32.dll
0x00007ffaf4770000 - 0x00007ffaf4783000 	C:\WINDOWS\SYSTEM32\kernel.appcore.dll
0x00007ffad4610000 - 0x00007ffad4659000 	C:\Program Files\Java\jre1.8.0_251\bin\fontmanager.dll
0x00007ffae65f0000 - 0x00007ffae66ed000 	C:\WINDOWS\SYSTEM32\textinputframework.dll
0x00007ffaf2d20000 - 0x00007ffaf307a000 	C:\WINDOWS\System32\CoreUIComponents.dll
0x00007ffaf3400000 - 0x00007ffaf34f2000 	C:\WINDOWS\System32\CoreMessaging.dll
0x00007ffaf4b80000 - 0x00007ffaf4bb3000 	C:\WINDOWS\SYSTEM32\ntmarta.dll
0x00007ffaf1d30000 - 0x00007ffaf1e86000 	C:\WINDOWS\SYSTEM32\wintypes.dll
0x00007ffaf1970000 - 0x00007ffaf1b54000 	C:\WINDOWS\SYSTEM32\dbghelp.dll

VM Arguments:
jvm_args: -Dfile.encoding=Cp1252 
java_command: PlayLevel
java_class_path (initial): C:\Users\Marcus\Documents\eclipWorkspace\Mario-AI\src\neat-java-mario\bin
Launcher Type: SUN_STANDARD

Environment Variables:
JAVA_HOME=C:\Program Files\Java\jdk1.8.0_121

[error occurred during error reporting (printing environment variables), id 0xc0000005]



---------------  S Y S T E M  ---------------

OS: Windows 10.0 , 64 bit Build 19041 (10.0.19041.292)

CPU:total 4 (initial active 4) (2 cores per cpu, 2 threads per core) family 6 model 142 stepping 9, cmov, cx8, fxsr, mmx, sse, sse2, sse3, ssse3, sse4.1, sse4.2, popcnt, avx, avx2, aes, clmul, erms, 3dnowpref, lzcnt, ht, tsc, tscinvbit, bmi1, bmi2, adx

Memory: 4k page, physical 8270232k(2415140k free), swap 11337300k(2483924k free)

vm_info: Java HotSpot(TM) 64-Bit Server VM (25.251-b08) for windows-amd64 JRE (1.8.0_251-b08), built on Mar 12 2020 06:31:49 by "" with MS VC++ 10.0 (VS2010)

time: Sun Oct 04 12:10:52 2020
timezone: Västeuropa, sommartid
elapsed time: 5 seconds (0d 0h 0m 5s)

