#
# A fatal error has been detected by the Java Runtime Environment:
#
#  EXCEPTION_ACCESS_VIOLATION (0xc0000005) at pc=0x00007ffaf34187be, pid=1532, tid=0x0000000000002c8c
#
# JRE version: Java(TM) SE Runtime Environment (8.0_251-b08) (build 1.8.0_251-b08)
# Java VM: Java HotSpot(TM) 64-Bit Server VM (25.251-b08 mixed mode windows-amd64 compressed oops)
# Problematic frame:
# C  [CoreMessaging.dll+0x187be]
#
# Failed to write core dump. Minidumps are not enabled by default on client versions of Windows
#
# If you would like to submit a bug report, please visit:
#   http://bugreport.java.com/bugreport/crash.jsp
# The crash happened outside the Java Virtual Machine in native code.
# See problematic frame for where to report the bug.
#

---------------  T H R E A D  ---------------

Current thread (0x0000000018f1a800):  JavaThread "AWT-Windows" daemon [_thread_in_native, id=11404, stack(0x000000001bde0000,0x000000001bee0000)]

siginfo: ExceptionCode=0xc0000005, reading address 0x0000000008000020

Registers:
RAX=0x0000000000af2d70, RBX=0x0000000000af2d88, RCX=0x0000000008000020, RDX=0x0000000000af2d70
RSP=0x000000001bede6e0, RBP=0x0000000000930800, RSI=0x0000000000ab2b10, RDI=0x0000000000000000
R8 =0x00007ffaf349fe10, R9 =0x0000000000000550, R10=0x0000000000000002, R11=0x000000001bede660
R12=0x0000000008000000, R13=0x0000000000ab2b10, R14=0x00000000192f8b20, R15=0x0000000008000000
RIP=0x00007ffaf34187be, EFLAGS=0x0000000000010206

Top of Stack: (sp=0x000000001bede6e0)
0x000000001bede6e0:   0000000000af2d88 0000000000ab2b10
0x000000001bede6f0:   0000000000ab2b10 0000000000000003
0x000000001bede700:   0000000000000000 0000000000000000
0x000000001bede710:   00000000192f6de0 0000000000000000
0x000000001bede720:   0000000000000550 0000000000000000
0x000000001bede730:   000000001bede701 0000000000000000
0x000000001bede740:   0000000000000000 fffffffffffffffe
0x000000001bede750:   0000000000000000 0000000000000000
0x000000001bede760:   0000000000000550 0000000000000000
0x000000001bede770:   0000000000ebe701 0000000000000000
0x000000001bede780:   0000000000000000 0000000000000000
0x000000001bede790:   0000000001328c40 0000000000aec6e0
0x000000001bede7a0:   0000000000aed160 0000000000000000
0x000000001bede7b0:   0000000000aee4a0 0000000000acea30
0x000000001bede7c0:   0000000000000003 0000000000930894
0x000000001bede7d0:   0000000000aec6e0 00007ffaf341820c 

Instructions: (pc=0x00007ffaf34187be)
0x00007ffaf341879e:   8b c7 e9 77 fd ff ff 48 8d 54 24 30 49 8b cd e8
0x00007ffaf34187ae:   ae cc ff ff 0f b6 d8 eb cc 4d 8b e7 49 8d 4f 20
0x00007ffaf34187be:   4c 8b 29 48 8b d6 e8 77 9c 01 00 49 8d 4d 18 48
0x00007ffaf34187ce:   8b d6 e8 6b 9c 01 00 e9 4e ff ff ff 48 8d 0d 5f 


Register to memory mapping:

RAX=0x0000000000af2d70 is an unknown value
RBX=0x0000000000af2d88 is an unknown value
RCX=0x0000000008000020 is an unknown value
RDX=0x0000000000af2d70 is an unknown value
RSP=0x000000001bede6e0 is pointing into the stack for thread: 0x0000000018f1a800
RBP=0x0000000000930800 is an unknown value
RSI=0x0000000000ab2b10 is an unknown value
RDI=0x0000000000000000 is an unknown value
R8 =0x00007ffaf349fe10 is an unknown value
R9 =0x0000000000000550 is an unknown value
R10=0x0000000000000002 is an unknown value
R11=0x000000001bede660 is pointing into the stack for thread: 0x0000000018f1a800
R12=0x0000000008000000 is an unknown value
R13=0x0000000000ab2b10 is an unknown value
R14=0x00000000192f8b20 is an unknown value
R15=0x0000000008000000 is an unknown value


Stack: [0x000000001bde0000,0x000000001bee0000],  sp=0x000000001bede6e0,  free space=1017k
Native frames: (J=compiled Java code, j=interpreted, Vv=VM code, C=native code)
C  [CoreMessaging.dll+0x187be]
C  [CoreMessaging.dll+0x1820c]
C  [CoreMessaging.dll+0x196ca]
C  [CoreMessaging.dll+0x18e16]
C  [CoreMessaging.dll+0x17051]
C  [CoreMessaging.dll+0x16e73]
C  [USER32.dll+0xe858]
C  [USER32.dll+0xe299]
C  [awt.dll+0xcd5ac]
C  [awt.dll+0xcd85b]
C  0x0000000002778c67

Java frames: (J=compiled Java code, j=interpreted, Vv=VM code)
j  sun.awt.windows.WToolkit.eventLoop()V+0
j  sun.awt.windows.WToolkit.run()V+58
j  java.lang.Thread.run()V+11
v  ~StubRoutines::call_stub

---------------  P R O C E S S  ---------------

Java Threads: ( => current thread )
  0x000000001b354000 JavaThread "AWT-EventQueue-0" [_thread_blocked, id=3560, stack(0x000000001c7d0000,0x000000001c8d0000)]
=>0x0000000018f1a800 JavaThread "AWT-Windows" daemon [_thread_in_native, id=11404, stack(0x000000001bde0000,0x000000001bee0000)]
  0x000000001b353800 JavaThread "AWT-Shutdown" [_thread_blocked, id=17504, stack(0x000000001bce0000,0x000000001bde0000)]
  0x000000001b352800 JavaThread "Java2D Disposer" daemon [_thread_blocked, id=17252, stack(0x000000001bbe0000,0x000000001bce0000)]
  0x0000000018c22800 JavaThread "Service Thread" daemon [_thread_blocked, id=12964, stack(0x0000000018ff0000,0x00000000190f0000)]
  0x00000000172b6000 JavaThread "C1 CompilerThread2" daemon [_thread_blocked, id=12060, stack(0x0000000018af0000,0x0000000018bf0000)]
  0x000000001729a000 JavaThread "C2 CompilerThread1" daemon [_thread_blocked, id=15244, stack(0x00000000189f0000,0x0000000018af0000)]
  0x000000001728d800 JavaThread "C2 CompilerThread0" daemon [_thread_blocked, id=16616, stack(0x00000000188f0000,0x00000000189f0000)]
  0x0000000017297000 JavaThread "Attach Listener" daemon [_thread_blocked, id=3300, stack(0x00000000187f0000,0x00000000188f0000)]
  0x0000000017295800 JavaThread "Signal Dispatcher" daemon [_thread_blocked, id=10768, stack(0x00000000186f0000,0x00000000187f0000)]
  0x000000001727a800 JavaThread "Finalizer" daemon [_thread_blocked, id=19520, stack(0x00000000184f0000,0x00000000185f0000)]
  0x0000000002751800 JavaThread "Reference Handler" daemon [_thread_blocked, id=14564, stack(0x00000000183f0000,0x00000000184f0000)]
  0x0000000002662800 JavaThread "main" [_thread_blocked, id=18972, stack(0x0000000000d70000,0x0000000000e70000)]

Other Threads:
  0x0000000017258000 VMThread [stack: 0x00000000182f0000,0x00000000183f0000] [id=13572]
  0x0000000018c23800 WatcherThread [stack: 0x00000000190f0000,0x00000000191f0000] [id=7588]

VM state:not at safepoint (normal execution)

VM Mutex/Monitor currently owned by a thread: None

heap address: 0x0000000081c00000, size: 2020 MB, Compressed Oops mode: 32-bit
Narrow klass base: 0x0000000000000000, Narrow klass shift: 3
Compressed class space size: 1073741824 Address: 0x0000000100000000

Heap:
 PSYoungGen      total 38400K, used 6792K [0x00000000d5f00000, 0x00000000d8980000, 0x0000000100000000)
  eden space 33280K, 5% used [0x00000000d5f00000,0x00000000d60a9170,0x00000000d7f80000)
  from space 5120K, 99% used [0x00000000d8480000,0x00000000d8979020,0x00000000d8980000)
  to   space 5120K, 0% used [0x00000000d7f80000,0x00000000d7f80000,0x00000000d8480000)
 ParOldGen       total 87552K, used 26054K [0x0000000081c00000, 0x0000000087180000, 0x00000000d5f00000)
  object space 87552K, 29% used [0x0000000081c00000,0x0000000083571a40,0x0000000087180000)
 Metaspace       used 10064K, capacity 10230K, committed 10496K, reserved 1058816K
  class space    used 1133K, capacity 1189K, committed 1280K, reserved 1048576K

Card table byte_map: [0x0000000011b20000,0x0000000011f20000] byte_map_base: 0x0000000011712000

Marking Bits: (ParMarkBitMap*) 0x0000000077d6af90
 Begin Bits: [0x00000000125d0000, 0x0000000014560000)
 End Bits:   [0x0000000014560000, 0x00000000164f0000)

Polling page: 0x00000000009d0000

CodeCache: size=245760Kb used=4008Kb max_used=4013Kb free=241751Kb
 bounds [0x0000000002760000, 0x0000000002b50000, 0x0000000011760000]
 total_blobs=1491 nmethods=1015 adapters=389
 compilation: enabled

Compilation events (10 events):
Event: 9.306 Thread 0x000000001728d800 1011 %     4       engine.core.MarioWorld::update @ 83 (835 bytes)
Event: 9.327 Thread 0x000000001728d800 nmethod 1011% 0x0000000002b49090 code [0x0000000002b49320, 0x0000000002b49ed0]
Event: 9.447 Thread 0x00000000172b6000 1012       3       engine.sprites.Mario::clone (209 bytes)
Event: 9.447 Thread 0x00000000172b6000 nmethod 1012 0x0000000002b48290 code [0x0000000002b48440, 0x0000000002b488c8]
Event: 9.447 Thread 0x00000000172b6000 1013       3       engine.core.MarioWorld::getSceneObservation (182 bytes)
Event: 9.448 Thread 0x00000000172b6000 nmethod 1013 0x0000000002b476d0 code [0x0000000002b47880, 0x0000000002b47eb8]
Event: 9.449 Thread 0x000000001729a000 1014 %     4       engine.graphics.MarioTilemap::render @ 66 (327 bytes)
Event: 9.457 Thread 0x000000001729a000 nmethod 1014% 0x0000000002b4c4d0 code [0x0000000002b4c6a0, 0x0000000002b4d478]
Event: 9.804 Thread 0x00000000172b6000 1015       1       java.beans.PropertyChangeEvent::getPropertyName (5 bytes)
Event: 9.804 Thread 0x00000000172b6000 nmethod 1015 0x0000000002b47410 code [0x0000000002b47560, 0x0000000002b47670]

GC Heap History (4 events):
Event: 1.353 GC heap before
{Heap before GC invocations=1 (full 0):
 PSYoungGen      total 38400K, used 33280K [0x00000000d5f00000, 0x00000000d8980000, 0x0000000100000000)
  eden space 33280K, 100% used [0x00000000d5f00000,0x00000000d7f80000,0x00000000d7f80000)
  from space 5120K, 0% used [0x00000000d8480000,0x00000000d8480000,0x00000000d8980000)
  to   space 5120K, 0% used [0x00000000d7f80000,0x00000000d7f80000,0x00000000d8480000)
 ParOldGen       total 87552K, used 0K [0x0000000081c00000, 0x0000000087180000, 0x00000000d5f00000)
  object space 87552K, 0% used [0x0000000081c00000,0x0000000081c00000,0x0000000087180000)
 Metaspace       used 8998K, capacity 9202K, committed 9344K, reserved 1056768K
  class space    used 1038K, capacity 1125K, committed 1152K, reserved 1048576K
Event: 1.362 GC heap after
Heap after GC invocations=1 (full 0):
 PSYoungGen      total 38400K, used 5104K [0x00000000d5f00000, 0x00000000d8980000, 0x0000000100000000)
  eden space 33280K, 0% used [0x00000000d5f00000,0x00000000d5f00000,0x00000000d7f80000)
  from space 5120K, 99% used [0x00000000d7f80000,0x00000000d847c020,0x00000000d8480000)
  to   space 5120K, 0% used [0x00000000d8480000,0x00000000d8480000,0x00000000d8980000)
 ParOldGen       total 87552K, used 11516K [0x0000000081c00000, 0x0000000087180000, 0x00000000d5f00000)
  object space 87552K, 13% used [0x0000000081c00000,0x000000008273f120,0x0000000087180000)
 Metaspace       used 8998K, capacity 9202K, committed 9344K, reserved 1056768K
  class space    used 1038K, capacity 1125K, committed 1152K, reserved 1048576K
}
Event: 9.588 GC heap before
{Heap before GC invocations=2 (full 0):
 PSYoungGen      total 38400K, used 38384K [0x00000000d5f00000, 0x00000000d8980000, 0x0000000100000000)
  eden space 33280K, 100% used [0x00000000d5f00000,0x00000000d7f80000,0x00000000d7f80000)
  from space 5120K, 99% used [0x00000000d7f80000,0x00000000d847c020,0x00000000d8480000)
  to   space 5120K, 0% used [0x00000000d8480000,0x00000000d8480000,0x00000000d8980000)
 ParOldGen       total 87552K, used 11516K [0x0000000081c00000, 0x0000000087180000, 0x00000000d5f00000)
  object space 87552K, 13% used [0x0000000081c00000,0x000000008273f120,0x0000000087180000)
 Metaspace       used 10062K, capacity 10230K, committed 10496K, reserved 1058816K
  class space    used 1133K, capacity 1189K, committed 1280K, reserved 1048576K
Event: 9.597 GC heap after
Heap after GC invocations=2 (full 0):
 PSYoungGen      total 38400K, used 5092K [0x00000000d5f00000, 0x00000000d8980000, 0x0000000100000000)
  eden space 33280K, 0% used [0x00000000d5f00000,0x00000000d5f00000,0x00000000d7f80000)
  from space 5120K, 99% used [0x00000000d8480000,0x00000000d8979020,0x00000000d8980000)
  to   space 5120K, 0% used [0x00000000d7f80000,0x00000000d7f80000,0x00000000d8480000)
 ParOldGen       total 87552K, used 26054K [0x0000000081c00000, 0x0000000087180000, 0x00000000d5f00000)
  object space 87552K, 29% used [0x0000000081c00000,0x0000000083571a40,0x0000000087180000)
 Metaspace       used 10062K, capacity 10230K, committed 10496K, reserved 1058816K
  class space    used 1133K, capacity 1189K, committed 1280K, reserved 1048576K
}

Deoptimization events (6 events):
Event: 1.121 Thread 0x0000000002662800 Uncommon trap: reason=unstable_if action=reinterpret pc=0x00000000028ddb54 method=java.lang.ThreadLocal$ThreadLocalMap.getEntry(Ljava/lang/ThreadLocal;)Ljava/lang/ThreadLocal$ThreadLocalMap$Entry; @ 21
Event: 1.196 Thread 0x0000000002662800 Uncommon trap: reason=unstable_if action=reinterpret pc=0x000000000290de64 method=java.lang.AbstractStringBuilder.append(Ljava/lang/String;)Ljava/lang/AbstractStringBuilder; @ 1
Event: 1.196 Thread 0x0000000002662800 Uncommon trap: reason=unstable_if action=reinterpret pc=0x00000000028f8f38 method=java.lang.AbstractStringBuilder.append(Ljava/lang/String;)Ljava/lang/AbstractStringBuilder; @ 1
Event: 1.257 Thread 0x0000000002662800 Uncommon trap: reason=unstable_if action=reinterpret pc=0x0000000002900314 method=sun.nio.fs.WindowsPathParser.nextNonSlash(Ljava/lang/String;II)I @ 2
Event: 1.257 Thread 0x0000000002662800 Uncommon trap: reason=unstable_if action=reinterpret pc=0x00000000028fafa4 method=java.lang.String.<init>([CII)V @ 18
Event: 1.276 Thread 0x0000000002662800 Uncommon trap: reason=unstable_if action=reinterpret pc=0x00000000028f99b8 method=java.lang.String.<init>([CII)V @ 18

Classes redefined (0 events):
No events

Internal exceptions (10 events):
Event: 1.017 Thread 0x0000000002662800 Exception <a 'java/security/PrivilegedActionException'> (0x00000000d78b95f0) thrown at [C:\jenkins\workspace\8-2-build-windows-amd64-cygwin\jdk8u251\737\hotspot\src\share\vm\prims\jvm.cpp, line 1502]
Event: 1.021 Thread 0x0000000002662800 Exception <a 'java/security/PrivilegedActionException'> (0x00000000d78bd260) thrown at [C:\jenkins\workspace\8-2-build-windows-amd64-cygwin\jdk8u251\737\hotspot\src\share\vm\prims\jvm.cpp, line 1502]
Event: 1.021 Thread 0x0000000002662800 Exception <a 'java/security/PrivilegedActionException'> (0x00000000d78bd470) thrown at [C:\jenkins\workspace\8-2-build-windows-amd64-cygwin\jdk8u251\737\hotspot\src\share\vm\prims\jvm.cpp, line 1502]
Event: 1.028 Thread 0x0000000002662800 Exception <a 'java/io/FileNotFoundException'> (0x00000000d78c0198) thrown at [C:\jenkins\workspace\8-2-build-windows-amd64-cygwin\jdk8u251\737\hotspot\src\share\vm\prims\jni.cpp, line 710]
Event: 1.087 Thread 0x0000000002662800 Exception <a 'java/lang/NoSuchFieldError': method resolution failed> (0x00000000d79908e8) thrown at [C:\jenkins\workspace\8-2-build-windows-amd64-cygwin\jdk8u251\737\hotspot\src\share\vm\prims\methodHandles.cpp, line 1167]
Event: 1.089 Thread 0x0000000002662800 Exception <a 'java/lang/NoSuchFieldError': method resolution failed> (0x00000000d799dc88) thrown at [C:\jenkins\workspace\8-2-build-windows-amd64-cygwin\jdk8u251\737\hotspot\src\share\vm\prims\methodHandles.cpp, line 1167]
Event: 1.121 Thread 0x0000000002662800 Implicit null exception at 0x00000000028ddab4 to 0x00000000028ddb35
Event: 1.140 Thread 0x0000000002662800 Exception <a 'java/io/FileNotFoundException'> (0x00000000d7a38aa0) thrown at [C:\jenkins\workspace\8-2-build-windows-amd64-cygwin\jdk8u251\737\hotspot\src\share\vm\prims\jni.cpp, line 710]
Event: 1.196 Thread 0x0000000002662800 Implicit null exception at 0x000000000290dad6 to 0x000000000290de4d
Event: 1.196 Thread 0x0000000002662800 Implicit null exception at 0x00000000028f8db6 to 0x00000000028f8f29

Events (10 events):
Event: 9.599 Executing VM operation: RevokeBias
Event: 9.599 Executing VM operation: RevokeBias done
Event: 9.599 Executing VM operation: RevokeBias
Event: 9.599 Executing VM operation: RevokeBias done
Event: 9.599 Executing VM operation: RevokeBias
Event: 9.599 Executing VM operation: RevokeBias done
Event: 9.599 Executing VM operation: BulkRevokeBias
Event: 9.599 Executing VM operation: BulkRevokeBias done
Event: 9.804 loading class java/awt/event/ContainerEvent
Event: 9.804 loading class java/awt/event/ContainerEvent done


Dynamic libraries:
0x00007ff74ebe0000 - 0x00007ff74ec17000 	C:\Program Files\Java\jre1.8.0_251\bin\javaw.exe
0x00007ffaf8710000 - 0x00007ffaf8905000 	C:\WINDOWS\SYSTEM32\ntdll.dll
0x00007ffaf7500000 - 0x00007ffaf75bd000 	C:\WINDOWS\System32\KERNEL32.DLL
0x00007ffaf5e50000 - 0x00007ffaf6117000 	C:\WINDOWS\System32\KERNELBASE.dll
0x00007ffaf85c0000 - 0x00007ffaf866a000 	C:\WINDOWS\System32\ADVAPI32.dll
0x00007ffaf7650000 - 0x00007ffaf76ee000 	C:\WINDOWS\System32\msvcrt.dll
0x00007ffaf84c0000 - 0x00007ffaf855b000 	C:\WINDOWS\System32\sechost.dll
0x00007ffaf77d0000 - 0x00007ffaf78f4000 	C:\WINDOWS\System32\RPCRT4.dll
0x00007ffaf6770000 - 0x00007ffaf6910000 	C:\WINDOWS\System32\USER32.dll
0x00007ffaf6430000 - 0x00007ffaf6452000 	C:\WINDOWS\System32\win32u.dll
0x00007ffaf7d40000 - 0x00007ffaf7d6a000 	C:\WINDOWS\System32\GDI32.dll
0x00007ffaf64b0000 - 0x00007ffaf65b9000 	C:\WINDOWS\System32\gdi32full.dll
0x00007ffaf6120000 - 0x00007ffaf61bd000 	C:\WINDOWS\System32\msvcp_win.dll
0x00007ffaf6670000 - 0x00007ffaf6770000 	C:\WINDOWS\System32\ucrtbase.dll
0x00007ffae8200000 - 0x00007ffae849b000 	C:\WINDOWS\WinSxS\amd64_microsoft.windows.common-controls_6595b64144ccf1df_6.0.19041.488_none_ca04af081b815d21\COMCTL32.dll
0x00007ffaf6a60000 - 0x00007ffaf6a90000 	C:\WINDOWS\System32\IMM32.DLL
0x0000000050340000 - 0x0000000050412000 	C:\Program Files\Java\jre1.8.0_251\bin\msvcr100.dll
0x0000000077540000 - 0x0000000077deb000 	C:\Program Files\Java\jre1.8.0_251\bin\server\jvm.dll
0x00007ffaf7190000 - 0x00007ffaf7198000 	C:\WINDOWS\System32\PSAPI.DLL
0x00007ffaeab80000 - 0x00007ffaeab89000 	C:\WINDOWS\SYSTEM32\WSOCK32.dll
0x00007ffaf7970000 - 0x00007ffaf79db000 	C:\WINDOWS\System32\WS2_32.dll
0x00007ffaed8e0000 - 0x00007ffaed907000 	C:\WINDOWS\SYSTEM32\WINMM.dll
0x00007ffaf0ef0000 - 0x00007ffaf0efa000 	C:\WINDOWS\SYSTEM32\VERSION.dll
0x00007ffaef630000 - 0x00007ffaef63f000 	C:\Program Files\Java\jre1.8.0_251\bin\verify.dll
0x00007ffadbd00000 - 0x00007ffadbd29000 	C:\Program Files\Java\jre1.8.0_251\bin\java.dll
0x00007ffae4c60000 - 0x00007ffae4c76000 	C:\Program Files\Java\jre1.8.0_251\bin\zip.dll
0x00007ffaf7d70000 - 0x00007ffaf84b1000 	C:\WINDOWS\System32\SHELL32.dll
0x00007ffaf3e90000 - 0x00007ffaf4623000 	C:\WINDOWS\SYSTEM32\windows.storage.dll
0x00007ffaf71a0000 - 0x00007ffaf74f5000 	C:\WINDOWS\System32\combase.dll
0x00007ffaf57f0000 - 0x00007ffaf581c000 	C:\WINDOWS\SYSTEM32\Wldp.dll
0x00007ffaf6f20000 - 0x00007ffaf6fce000 	C:\WINDOWS\System32\SHCORE.dll
0x00007ffaf79e0000 - 0x00007ffaf7a35000 	C:\WINDOWS\System32\shlwapi.dll
0x00007ffaf5d80000 - 0x00007ffaf5da6000 	C:\WINDOWS\SYSTEM32\profapi.dll
0x00007ffadbce0000 - 0x00007ffadbcfa000 	C:\Program Files\Java\jre1.8.0_251\bin\net.dll
0x00007ffaf5570000 - 0x00007ffaf55da000 	C:\WINDOWS\system32\mswsock.dll
0x00007ffae3b80000 - 0x00007ffae3b92000 	C:\Program Files\Java\jre1.8.0_251\bin\nio.dll
0x00007ffae4370000 - 0x00007ffae43dd000 	C:\Users\Marcus\Documents\swigwin-4.0.1\swigwin-4.0.1\Examples\JavaPorts\JavaPorts\GA_Ports.dll
0x00007ffaef310000 - 0x00007ffaef325000 	C:\Program Files\Java\jre1.8.0_251\bin\VCRUNTIME140.dll
0x00007ffabfbc0000 - 0x00007ffabfc5b000 	C:\Program Files\Java\jre1.8.0_251\bin\MSVCP140.dll
0x00007ffaf5760000 - 0x00007ffaf576c000 	C:\WINDOWS\SYSTEM32\CRYPTBASE.DLL
0x00007ffaf65f0000 - 0x00007ffaf666f000 	C:\WINDOWS\System32\bcryptPrimitives.dll
0x00007ffaba990000 - 0x00007ffabab2a000 	C:\Program Files\Java\jre1.8.0_251\bin\awt.dll
0x00007ffaf6990000 - 0x00007ffaf6a5d000 	C:\WINDOWS\System32\OLEAUT32.dll
0x00007ffaf36c0000 - 0x00007ffaf3750000 	C:\WINDOWS\SYSTEM32\apphelp.dll
0x00007ffaf3ad0000 - 0x00007ffaf3aff000 	C:\WINDOWS\system32\DWMAPI.DLL
0x00007ffaf37f0000 - 0x00007ffaf388f000 	C:\WINDOWS\system32\uxtheme.dll
0x00007ffad8f70000 - 0x00007ffad9095000 	C:\WINDOWS\system32\opengl32.dll
0x00007ffae54c0000 - 0x00007ffae54ec000 	C:\WINDOWS\SYSTEM32\GLU32.dll
0x00007ffaf7b70000 - 0x00007ffaf7c85000 	C:\WINDOWS\System32\MSCTF.dll
0x00007ffaf7a40000 - 0x00007ffaf7b69000 	C:\WINDOWS\System32\ole32.dll
0x00007ffaf4770000 - 0x00007ffaf4783000 	C:\WINDOWS\SYSTEM32\kernel.appcore.dll
0x00007ffad4610000 - 0x00007ffad4659000 	C:\Program Files\Java\jre1.8.0_251\bin\fontmanager.dll
0x00007ffae65f0000 - 0x00007ffae66ed000 	C:\WINDOWS\SYSTEM32\textinputframework.dll
0x00007ffaf2d20000 - 0x00007ffaf307a000 	C:\WINDOWS\System32\CoreUIComponents.dll
0x00007ffaf3400000 - 0x00007ffaf34f2000 	C:\WINDOWS\System32\CoreMessaging.dll
0x00007ffaf4b80000 - 0x00007ffaf4bb3000 	C:\WINDOWS\SYSTEM32\ntmarta.dll
0x00007ffaf1d30000 - 0x00007ffaf1e86000 	C:\WINDOWS\SYSTEM32\wintypes.dll
0x00007ffaf1970000 - 0x00007ffaf1b54000 	C:\WINDOWS\SYSTEM32\dbghelp.dll

VM Arguments:
jvm_args: -Dfile.encoding=Cp1252 
java_command: PlayLevel
java_class_path (initial): C:\Users\Marcus\Documents\eclipWorkspace\Mario-AI\src\neat-java-mario\bin
Launcher Type: SUN_STANDARD

Environment Variables:
JAVA_HOME=C:\Program Files\Java\jdk1.8.0_121
PATH=C:/Program Files/Java/jre1.8.0_251/bin/server;C:/Program Files/Java/jre1.8.0_251/bin;C:/Program Files/Java/jre1.8.0_251/lib/amd64;C:\Program Files (x86)\Common Files\Oracle\Java\javapath;C:\Program Files (x86)\Razer Chroma SDK\bin;C:\Program Files\Razer Chroma SDK\bin;C:\Program Files (x86)\NVIDIA Corporation\PhysX\Common;C:\ProgramData\Oracle\Java\javapath;C:\Program Files (x86)\Intel\iCLS Client\;C:\Program Files\Intel\iCLS Client\;C:\Windows\System32;C:\Windows;C:\Windows\System32\wbem;C:\Windows\System32\WindowsPowerShell\v1.0\;C:\Program Files (x86)\Intel\Intel(R) Management Engine Components\DAL;C:\Program Files\Intel\Intel(R) Management Engine Components\DAL;C:\Program Files (x86)\Intel\Intel(R) Management Engine Components\IPT;C:\Program Files\Intel\Intel(R) Management Engine Components\IPT;C:\Program Files (x86)\Windows Live\Shared;C:\Program Files (x86)\PuTTY\;C:\Program Files (x86)\GtkSharp\2.12\bin;C:\Windows\System32\OpenSSH\;C:\Program Files\MiKTeX 2.9\miktex\bin\x64\;C:\Program Files\Intel\WiFi\bin\;C:\Program Files\Common Files\Intel\WirelessCommon\;C:\Program Files\Git\cmd;C:\Windows\System32\config\systemprofile\AppData\Local\Microsoft\WindowsApps;C:\Program Files\dotnet\;C:\Windows\System32;C:\Windows;C:\Windows\System32\wbem;C:\Windows\System32\WindowsPowerShell\v1.0\;C:\Windows\System32\OpenSSH\;C:\Qt\5.12.5\msvc2017_64\bin;C:\Program Files\CMake\bin;C:\Users\Marcus\.mujoco\mjpro150\bin;C:\ffmpeg\bin;C:\Program Files\Java\jdk1.8.0_121\bin\bin;C:\MinGW\bin;C:\Users\Marcus\Documents\swigwin-4.0.1\swigwin-4.0.1;C:\Users\Marcus\AppData\Local\Programs\Python\Python38\Scripts\;C:\Users\Marcus\AppData\Local\Programs\Python\Python38\;C:\Users\Marcus\AppData\Local\Microsoft\WindowsApps;C:\Users\Marcus\.dotnet\tools;C:\WINDOWS\System32;
USERNAME=Marcus
OS=Windows_NT
PROCESSOR_IDENTIFIER=Intel64 Family 6 Model 142 Stepping 9, GenuineIntel



---------------  S Y S T E M  ---------------

OS: Windows 10.0 , 64 bit Build 19041 (10.0.19041.292)

CPU:total 4 (initial active 4) (2 cores per cpu, 2 threads per core) family 6 model 142 stepping 9, cmov, cx8, fxsr, mmx, sse, sse2, sse3, ssse3, sse4.1, sse4.2, popcnt, avx, avx2, aes, clmul, erms, 3dnowpref, lzcnt, ht, tsc, tscinvbit, bmi1, bmi2, adx

Memory: 4k page, physical 8270232k(2412500k free), swap 11337300k(2489000k free)

vm_info: Java HotSpot(TM) 64-Bit Server VM (25.251-b08) for windows-amd64 JRE (1.8.0_251-b08), built on Mar 12 2020 06:31:49 by "" with MS VC++ 10.0 (VS2010)

time: Sun Oct 04 12:10:10 2020
timezone: Västeuropa, sommartid
elapsed time: 9 seconds (0d 0h 0m 9s)

