#
# A fatal error has been detected by the Java Runtime Environment:
#
#  EXCEPTION_ACCESS_VIOLATION (0xc0000005) at pc=0x00007ffac51fec49, pid=16548, tid=0x000000000000271c
#
# JRE version: Java(TM) SE Runtime Environment (8.0_251-b08) (build 1.8.0_251-b08)
# Java VM: Java HotSpot(TM) 64-Bit Server VM (25.251-b08 mixed mode windows-amd64 compressed oops)
# Problematic frame:
# C  [GA_Ports.dll+0x1ec49]  NTE::NEAT::calculateOutput+0x39
#
# Failed to write core dump. Minidumps are not enabled by default on client versions of Windows
#
# If you would like to submit a bug report, please visit:
#   http://bugreport.java.com/bugreport/crash.jsp
# The crash happened outside the Java Virtual Machine in native code.
# See problematic frame for where to report the bug.
#

---------------  T H R E A D  ---------------

Current thread (0x0000000002742800):  JavaThread "main" [_thread_in_native, id=10012, stack(0x0000000002640000,0x0000000002740000)]

siginfo: ExceptionCode=0xc0000005, reading address 0x0000000000000004

Registers:
RAX=0x000000000273f0f0, RBX=0x0000000000000000, RCX=0x0000000000000000, RDX=0xfffffffffffff690
RSP=0x000000000273f0b0, RBP=0x0000000000000000, RSI=0x0000000000000000, RDI=0x000000000273f218
R8 =0x0000000000000000, R9 =0x00000000000000ce, R10=0x000000001ac91dd0, R11=0x000000001ac92740
R12=0x0000000000000000, R13=0x0000000016de0738, R14=0x000000000273f0f0, R15=0x000000000273f198
RIP=0x00007ffac51fec49, EFLAGS=0x0000000000010246

Top of Stack: (sp=0x000000000273f0b0)
0x000000000273f0b0:   000000000273f0f0 0000000000000000
0x000000000273f0c0:   0000000000000000 000000000273f218
0x000000000273f0d0:   000000001ac922d0 000000000000008d
0x000000000273f0e0:   000000000273f198 00007ffac51e2421
0x000000000273f0f0:   000000001ac92740 000000001ac92af4
0x000000000273f100:   000000001ac92af4 0000000000000000
0x000000000273f110:   000044288e5d7d59 00007ffac51e1fc2
0x000000000273f120:   000000000273f218 0000000002740000
0x000000000273f130:   0000000000a986e0 0000000002742800
0x000000000273f140:   000000000273f328 000000000273f180
0x000000000273f150:   000000000273f2d8 00007ffac51e1c50
0x000000000273f160:   000000000273f198 0000000000000000
0x000000000273f170:   000000000273f180 000000000273f218
0x000000000273f180:   000000001ca60c10 000000001ca60fc4
0x000000000273f190:   000000001ca60fc4 000000001ac91dd0
0x000000000273f1a0:   000000001ac92184 000000001ac92184 

Instructions: (pc=0x00007ffac51fec49)
0x00007ffac51fec29:   89 44 24 60 48 8b f1 4c 8b fa 48 8d 4c 24 40 e8
0x00007ffac51fec39:   23 33 fe ff 33 ed 4c 8b f0 44 8b c5 89 6c 24 58
0x00007ffac51fec49:   39 6e 04 0f 8e d0 00 00 00 48 89 9c 24 c0 00 00
0x00007ffac51fec59:   00 8b cd 48 89 bc 24 80 00 00 00 0f 29 74 24 70 


Register to memory mapping:

RAX=0x000000000273f0f0 is pointing into the stack for thread: 0x0000000002742800
RBX=0x0000000000000000 is an unknown value
RCX=0x0000000000000000 is an unknown value
RDX=0xfffffffffffff690 is an unknown value
RSP=0x000000000273f0b0 is pointing into the stack for thread: 0x0000000002742800
RBP=0x0000000000000000 is an unknown value
RSI=0x0000000000000000 is an unknown value
RDI=0x000000000273f218 is pointing into the stack for thread: 0x0000000002742800
R8 =0x0000000000000000 is an unknown value
R9 =0x00000000000000ce is an unknown value
R10=0x000000001ac91dd0 is an unknown value
R11=0x000000001ac92740 is an unknown value
R12=0x0000000000000000 is an unknown value
R13={method} {0x0000000016de0740} 'JavaPorts_calcNEATEliteInput' '(JLJavaPorts;IJLFloatVec;)V' in 'exampleJNI'
R14=0x000000000273f0f0 is pointing into the stack for thread: 0x0000000002742800
R15=0x000000000273f198 is pointing into the stack for thread: 0x0000000002742800


Stack: [0x0000000002640000,0x0000000002740000],  sp=0x000000000273f0b0,  free space=1020k
Native frames: (J=compiled Java code, j=interpreted, Vv=VM code, C=native code)

Java frames: (J=compiled Java code, j=interpreted, Vv=VM code)
j  exampleJNI.JavaPorts_calcNEATEliteInput(JLJavaPorts;IJLFloatVec;)V+0
j  JavaPorts.calcNEATEliteInput(ILFloatVec;)V+11
j  NEATAgent.calculateInput()V+28
j  LevelHandler.runGameWithVisuals(LNEATAgent;I)V+47
j  NEATTester.loadAndShowEliteAgent(Ljava/lang/String;II)V+54
j  PlayLevel.main([Ljava/lang/String;)V+31
v  ~StubRoutines::call_stub

---------------  P R O C E S S  ---------------

Java Threads: ( => current thread )
  0x0000000019370000 JavaThread "AWT-EventQueue-0" [_thread_blocked, id=11480, stack(0x000000001e830000,0x000000001e930000)]
  0x0000000018fe3800 JavaThread "AWT-Windows" daemon [_thread_in_native, id=6260, stack(0x000000001de40000,0x000000001df40000)]
  0x0000000018f91000 JavaThread "AWT-Shutdown" [_thread_blocked, id=14036, stack(0x000000001dd40000,0x000000001de40000)]
  0x0000000018f90800 JavaThread "Java2D Disposer" daemon [_thread_blocked, id=8560, stack(0x000000001db90000,0x000000001dc90000)]
  0x0000000018d12800 JavaThread "Service Thread" daemon [_thread_blocked, id=11108, stack(0x00000000190d0000,0x00000000191d0000)]
  0x0000000017384000 JavaThread "C1 CompilerThread2" daemon [_thread_blocked, id=14140, stack(0x0000000018bd0000,0x0000000018cd0000)]
  0x0000000017372000 JavaThread "C2 CompilerThread1" daemon [_thread_blocked, id=18268, stack(0x0000000018ad0000,0x0000000018bd0000)]
  0x000000001736e800 JavaThread "C2 CompilerThread0" daemon [_thread_blocked, id=12732, stack(0x00000000189d0000,0x0000000018ad0000)]
  0x0000000017378000 JavaThread "Attach Listener" daemon [_thread_blocked, id=4612, stack(0x00000000188d0000,0x00000000189d0000)]
  0x0000000017376800 JavaThread "Signal Dispatcher" daemon [_thread_blocked, id=1460, stack(0x00000000187d0000,0x00000000188d0000)]
  0x000000001735a800 JavaThread "Finalizer" daemon [_thread_blocked, id=13724, stack(0x00000000185d0000,0x00000000186d0000)]
  0x0000000002832000 JavaThread "Reference Handler" daemon [_thread_blocked, id=18700, stack(0x00000000184d0000,0x00000000185d0000)]
=>0x0000000002742800 JavaThread "main" [_thread_in_native, id=10012, stack(0x0000000002640000,0x0000000002740000)]

Other Threads:
  0x0000000017338000 VMThread [stack: 0x00000000183d0000,0x00000000184d0000] [id=4688]
  0x00000000173cd000 WatcherThread [stack: 0x00000000191d0000,0x00000000192d0000] [id=12920]

VM state:not at safepoint (normal execution)

VM Mutex/Monitor currently owned by a thread: None

heap address: 0x0000000081c00000, size: 2020 MB, Compressed Oops mode: 32-bit
Narrow klass base: 0x0000000000000000, Narrow klass shift: 3
Compressed class space size: 1073741824 Address: 0x0000000100000000

Heap:
 PSYoungGen      total 38400K, used 15350K [0x00000000d5f00000, 0x00000000d8980000, 0x0000000100000000)
  eden space 33280K, 30% used [0x00000000d5f00000,0x00000000d69058a8,0x00000000d7f80000)
  from space 5120K, 99% used [0x00000000d7f80000,0x00000000d8478030,0x00000000d8480000)
  to   space 5120K, 0% used [0x00000000d8480000,0x00000000d8480000,0x00000000d8980000)
 ParOldGen       total 87552K, used 11532K [0x0000000081c00000, 0x0000000087180000, 0x00000000d5f00000)
  object space 87552K, 13% used [0x0000000081c00000,0x00000000827431b0,0x0000000087180000)
 Metaspace       used 9789K, capacity 9970K, committed 10240K, reserved 1058816K
  class space    used 1133K, capacity 1189K, committed 1280K, reserved 1048576K

Card table byte_map: [0x0000000011c00000,0x0000000012000000] byte_map_base: 0x00000000117f2000

Marking Bits: (ParMarkBitMap*) 0x0000000077d6af90
 Begin Bits: [0x00000000126b0000, 0x0000000014640000)
 End Bits:   [0x0000000014640000, 0x00000000165d0000)

Polling page: 0x00000000024e0000

CodeCache: size=245760Kb used=2888Kb max_used=2888Kb free=242871Kb
 bounds [0x0000000002840000, 0x0000000002b20000, 0x0000000011840000]
 total_blobs=1183 nmethods=707 adapters=389
 compilation: enabled

Compilation events (10 events):
Event: 4.864 Thread 0x0000000017384000 nmethod 728 0x00000000029437d0 code [0x0000000002943920, 0x0000000002943a30]
Event: 4.864 Thread 0x0000000017384000  725       3       java.util.Arrays::copyOf (46 bytes)
Event: 4.865 Thread 0x0000000017384000 nmethod 725 0x0000000002953610 code [0x00000000029537c0, 0x0000000002953e68]
Event: 4.865 Thread 0x0000000017384000  724  s    3       java.lang.StringBuffer::toString (36 bytes)
Event: 4.865 Thread 0x0000000017384000 nmethod 724 0x0000000002952dd0 code [0x0000000002952f60, 0x0000000002953408]
Event: 4.865 Thread 0x0000000017384000  729       3       java.util.ArrayList::contains (14 bytes)
Event: 4.865 Thread 0x0000000017384000 nmethod 729 0x0000000002967910 code [0x0000000002967a80, 0x0000000002967c68]
Event: 4.865 Thread 0x0000000017384000  730       3       engine.core.MarioLevel::getBlock (48 bytes)
Event: 4.866 Thread 0x0000000017384000 nmethod 730 0x0000000002967350 code [0x00000000029674c0, 0x0000000002967770]
Event: 4.866 Thread 0x0000000017384000  731       3       engine.helper.TileFeature::getTileType (495 bytes)

GC Heap History (2 events):
Event: 4.737 GC heap before
{Heap before GC invocations=1 (full 0):
 PSYoungGen      total 38400K, used 33280K [0x00000000d5f00000, 0x00000000d8980000, 0x0000000100000000)
  eden space 33280K, 100% used [0x00000000d5f00000,0x00000000d7f80000,0x00000000d7f80000)
  from space 5120K, 0% used [0x00000000d8480000,0x00000000d8480000,0x00000000d8980000)
  to   space 5120K, 0% used [0x00000000d7f80000,0x00000000d7f80000,0x00000000d8480000)
 ParOldGen       total 87552K, used 0K [0x0000000081c00000, 0x0000000087180000, 0x00000000d5f00000)
  object space 87552K, 0% used [0x0000000081c00000,0x0000000081c00000,0x0000000087180000)
 Metaspace       used 9007K, capacity 9202K, committed 9344K, reserved 1056768K
  class space    used 1038K, capacity 1125K, committed 1152K, reserved 1048576K
Event: 4.749 GC heap after
Heap after GC invocations=1 (full 0):
 PSYoungGen      total 38400K, used 5088K [0x00000000d5f00000, 0x00000000d8980000, 0x0000000100000000)
  eden space 33280K, 0% used [0x00000000d5f00000,0x00000000d5f00000,0x00000000d7f80000)
  from space 5120K, 99% used [0x00000000d7f80000,0x00000000d8478030,0x00000000d8480000)
  to   space 5120K, 0% used [0x00000000d8480000,0x00000000d8480000,0x00000000d8980000)
 ParOldGen       total 87552K, used 11532K [0x0000000081c00000, 0x0000000087180000, 0x00000000d5f00000)
  object space 87552K, 13% used [0x0000000081c00000,0x00000000827431b0,0x0000000087180000)
 Metaspace       used 9007K, capacity 9202K, committed 9344K, reserved 1056768K
  class space    used 1038K, capacity 1125K, committed 1152K, reserved 1048576K
}

Deoptimization events (5 events):
Event: 4.470 Thread 0x0000000002742800 Uncommon trap: reason=unstable_if action=reinterpret pc=0x00000000029b3314 method=java.lang.ThreadLocal$ThreadLocalMap.getEntry(Ljava/lang/ThreadLocal;)Ljava/lang/ThreadLocal$ThreadLocalMap$Entry; @ 21
Event: 4.544 Thread 0x0000000002742800 Uncommon trap: reason=unstable_if action=reinterpret pc=0x00000000029f7524 method=java.lang.AbstractStringBuilder.append(Ljava/lang/String;)Ljava/lang/AbstractStringBuilder; @ 1
Event: 4.544 Thread 0x0000000002742800 Uncommon trap: reason=unstable_if action=reinterpret pc=0x00000000029d6af8 method=java.lang.AbstractStringBuilder.append(Ljava/lang/String;)Ljava/lang/AbstractStringBuilder; @ 1
Event: 4.622 Thread 0x0000000002742800 Uncommon trap: reason=unstable_if action=reinterpret pc=0x00000000029df3d4 method=sun.nio.fs.WindowsPathParser.nextNonSlash(Ljava/lang/String;II)I @ 2
Event: 4.622 Thread 0x0000000002742800 Uncommon trap: reason=unstable_if action=reinterpret pc=0x00000000029d7338 method=java.lang.String.<init>([CII)V @ 18

Classes redefined (0 events):
No events

Internal exceptions (10 events):
Event: 4.391 Thread 0x0000000002742800 Exception <a 'java/security/PrivilegedActionException'> (0x00000000d78ba038) thrown at [C:\jenkins\workspace\8-2-build-windows-amd64-cygwin\jdk8u251\737\hotspot\src\share\vm\prims\jvm.cpp, line 1502]
Event: 4.392 Thread 0x0000000002742800 Exception <a 'java/security/PrivilegedActionException'> (0x00000000d78bdca8) thrown at [C:\jenkins\workspace\8-2-build-windows-amd64-cygwin\jdk8u251\737\hotspot\src\share\vm\prims\jvm.cpp, line 1502]
Event: 4.392 Thread 0x0000000002742800 Exception <a 'java/security/PrivilegedActionException'> (0x00000000d78bdeb8) thrown at [C:\jenkins\workspace\8-2-build-windows-amd64-cygwin\jdk8u251\737\hotspot\src\share\vm\prims\jvm.cpp, line 1502]
Event: 4.399 Thread 0x0000000002742800 Exception <a 'java/io/FileNotFoundException'> (0x00000000d78c0be0) thrown at [C:\jenkins\workspace\8-2-build-windows-amd64-cygwin\jdk8u251\737\hotspot\src\share\vm\prims\jni.cpp, line 710]
Event: 4.440 Thread 0x0000000002742800 Exception <a 'java/lang/NoSuchFieldError': method resolution failed> (0x00000000d79913d0) thrown at [C:\jenkins\workspace\8-2-build-windows-amd64-cygwin\jdk8u251\737\hotspot\src\share\vm\prims\methodHandles.cpp, line 1167]
Event: 4.442 Thread 0x0000000002742800 Exception <a 'java/lang/NoSuchFieldError': method resolution failed> (0x00000000d799e770) thrown at [C:\jenkins\workspace\8-2-build-windows-amd64-cygwin\jdk8u251\737\hotspot\src\share\vm\prims\methodHandles.cpp, line 1167]
Event: 4.470 Thread 0x0000000002742800 Implicit null exception at 0x00000000029b3274 to 0x00000000029b32f5
Event: 4.489 Thread 0x0000000002742800 Exception <a 'java/io/FileNotFoundException'> (0x00000000d7a39778) thrown at [C:\jenkins\workspace\8-2-build-windows-amd64-cygwin\jdk8u251\737\hotspot\src\share\vm\prims\jni.cpp, line 710]
Event: 4.544 Thread 0x0000000002742800 Implicit null exception at 0x00000000029f7196 to 0x00000000029f750d
Event: 4.544 Thread 0x0000000002742800 Implicit null exception at 0x00000000029d6976 to 0x00000000029d6ae9

Events (10 events):
Event: 4.864 loading class engine/core/MarioTimer
Event: 4.864 loading class engine/core/MarioTimer done
Event: 4.866 loading class engine/core/MarioAgentEvent
Event: 4.866 loading class engine/core/MarioAgentEvent done
Event: 4.867 loading class engine/core/MarioForwardModel
Event: 4.867 loading class engine/core/MarioForwardModel done
Event: 4.870 loading class java/lang/StrictMath
Event: 4.870 loading class java/lang/StrictMath done
Event: 4.871 loading class FloatVec
Event: 4.871 loading class FloatVec done


Dynamic libraries:
0x00007ff74ebe0000 - 0x00007ff74ec17000 	C:\Program Files\Java\jre1.8.0_251\bin\javaw.exe
0x00007ffaf8710000 - 0x00007ffaf8905000 	C:\WINDOWS\SYSTEM32\ntdll.dll
0x00007ffaf7500000 - 0x00007ffaf75bd000 	C:\WINDOWS\System32\KERNEL32.DLL
0x00007ffaf5e50000 - 0x00007ffaf6117000 	C:\WINDOWS\System32\KERNELBASE.dll
0x00007ffaf85c0000 - 0x00007ffaf866a000 	C:\WINDOWS\System32\ADVAPI32.dll
0x00007ffaf7650000 - 0x00007ffaf76ee000 	C:\WINDOWS\System32\msvcrt.dll
0x00007ffaf84c0000 - 0x00007ffaf855b000 	C:\WINDOWS\System32\sechost.dll
0x00007ffaf77d0000 - 0x00007ffaf78f4000 	C:\WINDOWS\System32\RPCRT4.dll
0x00007ffaf6770000 - 0x00007ffaf6910000 	C:\WINDOWS\System32\USER32.dll
0x00007ffaf6430000 - 0x00007ffaf6452000 	C:\WINDOWS\System32\win32u.dll
0x00007ffaf7d40000 - 0x00007ffaf7d6a000 	C:\WINDOWS\System32\GDI32.dll
0x00007ffaf64b0000 - 0x00007ffaf65b9000 	C:\WINDOWS\System32\gdi32full.dll
0x00007ffaf6120000 - 0x00007ffaf61bd000 	C:\WINDOWS\System32\msvcp_win.dll
0x00007ffaf6670000 - 0x00007ffaf6770000 	C:\WINDOWS\System32\ucrtbase.dll
0x00007ffae8200000 - 0x00007ffae849b000 	C:\WINDOWS\WinSxS\amd64_microsoft.windows.common-controls_6595b64144ccf1df_6.0.19041.488_none_ca04af081b815d21\COMCTL32.dll
0x00007ffaf6a60000 - 0x00007ffaf6a90000 	C:\WINDOWS\System32\IMM32.DLL
0x0000000050340000 - 0x0000000050412000 	C:\Program Files\Java\jre1.8.0_251\bin\msvcr100.dll
0x0000000077540000 - 0x0000000077deb000 	C:\Program Files\Java\jre1.8.0_251\bin\server\jvm.dll
0x00007ffaf7190000 - 0x00007ffaf7198000 	C:\WINDOWS\System32\PSAPI.DLL
0x00007ffaed8e0000 - 0x00007ffaed907000 	C:\WINDOWS\SYSTEM32\WINMM.dll
0x00007ffaeab80000 - 0x00007ffaeab89000 	C:\WINDOWS\SYSTEM32\WSOCK32.dll
0x00007ffaf0ef0000 - 0x00007ffaf0efa000 	C:\WINDOWS\SYSTEM32\VERSION.dll
0x00007ffaf7970000 - 0x00007ffaf79db000 	C:\WINDOWS\System32\WS2_32.dll
0x00007ffaef630000 - 0x00007ffaef63f000 	C:\Program Files\Java\jre1.8.0_251\bin\verify.dll
0x00007ffadbd00000 - 0x00007ffadbd29000 	C:\Program Files\Java\jre1.8.0_251\bin\java.dll
0x00007ffae4c60000 - 0x00007ffae4c76000 	C:\Program Files\Java\jre1.8.0_251\bin\zip.dll
0x00007ffaf7d70000 - 0x00007ffaf84b1000 	C:\WINDOWS\System32\SHELL32.dll
0x00007ffaf3e90000 - 0x00007ffaf4623000 	C:\WINDOWS\SYSTEM32\windows.storage.dll
0x00007ffaf71a0000 - 0x00007ffaf74f5000 	C:\WINDOWS\System32\combase.dll
0x00007ffaf57f0000 - 0x00007ffaf581c000 	C:\WINDOWS\SYSTEM32\Wldp.dll
0x00007ffaf6f20000 - 0x00007ffaf6fce000 	C:\WINDOWS\System32\SHCORE.dll
0x00007ffaf79e0000 - 0x00007ffaf7a35000 	C:\WINDOWS\System32\shlwapi.dll
0x00007ffaf5d80000 - 0x00007ffaf5da6000 	C:\WINDOWS\SYSTEM32\profapi.dll
0x00007ffadbce0000 - 0x00007ffadbcfa000 	C:\Program Files\Java\jre1.8.0_251\bin\net.dll
0x00007ffaf5570000 - 0x00007ffaf55da000 	C:\WINDOWS\system32\mswsock.dll
0x00007ffae3b80000 - 0x00007ffae3b92000 	C:\Program Files\Java\jre1.8.0_251\bin\nio.dll
0x00007ffac51e0000 - 0x00007ffac524d000 	C:\Users\Marcus\Documents\swigwin-4.0.1\swigwin-4.0.1\Examples\JavaPorts\JavaPorts\GA_Ports.dll
0x00007ffaef310000 - 0x00007ffaef325000 	C:\Program Files\Java\jre1.8.0_251\bin\VCRUNTIME140.dll
0x00007ffabb8f0000 - 0x00007ffabb98b000 	C:\Program Files\Java\jre1.8.0_251\bin\MSVCP140.dll
0x00007ffaf5760000 - 0x00007ffaf576c000 	C:\WINDOWS\SYSTEM32\CRYPTBASE.DLL
0x00007ffaf65f0000 - 0x00007ffaf666f000 	C:\WINDOWS\System32\bcryptPrimitives.dll
0x00007ffaba230000 - 0x00007ffaba3ca000 	C:\Program Files\Java\jre1.8.0_251\bin\awt.dll
0x00007ffaf6990000 - 0x00007ffaf6a5d000 	C:\WINDOWS\System32\OLEAUT32.dll
0x00007ffaf36c0000 - 0x00007ffaf3750000 	C:\WINDOWS\SYSTEM32\apphelp.dll
0x00007ffaf3ad0000 - 0x00007ffaf3aff000 	C:\WINDOWS\system32\DWMAPI.DLL
0x00007ffaf37f0000 - 0x00007ffaf388f000 	C:\WINDOWS\system32\uxtheme.dll
0x00007ffad8f70000 - 0x00007ffad9095000 	C:\WINDOWS\system32\opengl32.dll
0x00007ffae54c0000 - 0x00007ffae54ec000 	C:\WINDOWS\SYSTEM32\GLU32.dll
0x00007ffaf7b70000 - 0x00007ffaf7c85000 	C:\WINDOWS\System32\MSCTF.dll
0x00007ffaf7a40000 - 0x00007ffaf7b69000 	C:\WINDOWS\System32\ole32.dll
0x00007ffaf4770000 - 0x00007ffaf4783000 	C:\WINDOWS\SYSTEM32\kernel.appcore.dll
0x00007ffacf530000 - 0x00007ffacf579000 	C:\Program Files\Java\jre1.8.0_251\bin\fontmanager.dll
0x00007ffae65f0000 - 0x00007ffae66ed000 	C:\WINDOWS\SYSTEM32\textinputframework.dll
0x00007ffaf3400000 - 0x00007ffaf34f2000 	C:\WINDOWS\System32\CoreMessaging.dll
0x00007ffaf2d20000 - 0x00007ffaf307a000 	C:\WINDOWS\System32\CoreUIComponents.dll
0x00007ffaf4b80000 - 0x00007ffaf4bb3000 	C:\WINDOWS\SYSTEM32\ntmarta.dll
0x00007ffaf1d30000 - 0x00007ffaf1e86000 	C:\WINDOWS\SYSTEM32\wintypes.dll
0x00007ffaf1970000 - 0x00007ffaf1b54000 	C:\WINDOWS\SYSTEM32\dbghelp.dll

VM Arguments:
jvm_args: -Dfile.encoding=Cp1252 
java_command: PlayLevel
java_class_path (initial): C:\Users\Marcus\Documents\eclipWorkspace\Mario-AI\src\neat-java-mario\bin
Launcher Type: SUN_STANDARD

Environment Variables:
JAVA_HOME=C:\Program Files\Java\jdk1.8.0_121
PATH=C:/Program Files/Java/jre1.8.0_251/bin/server;C:/Program Files/Java/jre1.8.0_251/bin;C:/Program Files/Java/jre1.8.0_251/lib/amd64;C:\Program Files (x86)\Common Files\Oracle\Java\javapath;C:\Program Files (x86)\Razer Chroma SDK\bin;C:\Program Files\Razer Chroma SDK\bin;C:\Program Files (x86)\NVIDIA Corporation\PhysX\Common;C:\ProgramData\Oracle\Java\javapath;C:\Program Files (x86)\Intel\iCLS Client\;C:\Program Files\Intel\iCLS Client\;C:\Windows\System32;C:\Windows;C:\Windows\System32\wbem;C:\Windows\System32\WindowsPowerShell\v1.0\;C:\Program Files (x86)\Intel\Intel(R) Management Engine Components\DAL;C:\Program Files\Intel\Intel(R) Management Engine Components\DAL;C:\Program Files (x86)\Intel\Intel(R) Management Engine Components\IPT;C:\Program Files\Intel\Intel(R) Management Engine Components\IPT;C:\Program Files (x86)\Windows Live\Shared;C:\Program Files (x86)\PuTTY\;C:\Program Files (x86)\GtkSharp\2.12\bin;C:\Windows\System32\OpenSSH\;C:\Program Files\MiKTeX 2.9\miktex\bin\x64\;C:\Program Files\Intel\WiFi\bin\;C:\Program Files\Common Files\Intel\WirelessCommon\;C:\Program Files\Git\cmd;C:\Windows\System32\config\systemprofile\AppData\Local\Microsoft\WindowsApps;C:\Program Files\dotnet\;C:\Windows\System32;C:\Windows;C:\Windows\System32\wbem;C:\Windows\System32\WindowsPowerShell\v1.0\;C:\Windows\System32\OpenSSH\;C:\Qt\5.12.5\msvc2017_64\bin;C:\Program Files\CMake\bin;C:\Users\Marcus\.mujoco\mjpro150\bin;C:\ffmpeg\bin;C:\Program Files\Java\jdk1.8.0_121\bin\bin;C:\MinGW\bin;C:\Users\Marcus\Documents\swigwin-4.0.1\swigwin-4.0.1;C:\Users\Marcus\AppData\Local\Programs\Python\Python38\Scripts\;C:\Users\Marcus\AppData\Local\Programs\Python\Python38\;C:\Users\Marcus\AppData\Local\Microsoft\WindowsApps;C:\Users\Marcus\.dotnet\tools;C:\WINDOWS\System32;
USERNAME=Marcus
OS=Windows_NT
PROCESSOR_IDENTIFIER=Intel64 Family 6 Model 142 Stepping 9, GenuineIntel



---------------  S Y S T E M  ---------------

OS: Windows 10.0 , 64 bit Build 19041 (10.0.19041.292)

CPU:total 4 (initial active 4) (2 cores per cpu, 2 threads per core) family 6 model 142 stepping 9, cmov, cx8, fxsr, mmx, sse, sse2, sse3, ssse3, sse4.1, sse4.2, popcnt, avx, avx2, aes, clmul, erms, 3dnowpref, lzcnt, ht, tsc, tscinvbit, bmi1, bmi2, adx

Memory: 4k page, physical 8270232k(2244284k free), swap 11337300k(2356272k free)

vm_info: Java HotSpot(TM) 64-Bit Server VM (25.251-b08) for windows-amd64 JRE (1.8.0_251-b08), built on Mar 12 2020 06:31:49 by "" with MS VC++ 10.0 (VS2010)

time: Sun Oct 04 13:48:54 2020
timezone: Västeuropa, sommartid
elapsed time: 4 seconds (0d 0h 0m 4s)

