#
# A fatal error has been detected by the Java Runtime Environment:
#
#  EXCEPTION_ACCESS_VIOLATION (0xc0000005) at pc=0x00007ffab7cbf070, pid=19680, tid=0x000000000000372c
#
# JRE version: Java(TM) SE Runtime Environment (8.0_251-b08) (build 1.8.0_251-b08)
# Java VM: Java HotSpot(TM) 64-Bit Server VM (25.251-b08 mixed mode windows-amd64 compressed oops)
# Problematic frame:
# C  [GA_Ports.dll+0x2f070]  NTE::Utils::topologicalSortUtil+0xc0
#
# Failed to write core dump. Minidumps are not enabled by default on client versions of Windows
#
# If you would like to submit a bug report, please visit:
#   http://bugreport.java.com/bugreport/crash.jsp
# The crash happened outside the Java Virtual Machine in native code.
# See problematic frame for where to report the bug.
#

---------------  T H R E A D  ---------------

Current thread (0x0000000002b72800):  JavaThread "main" [_thread_in_native, id=14124, stack(0x00000000012c0000,0x00000000013c0000)]

siginfo: ExceptionCode=0xc0000005, reading address 0x000002001f2247c0

Registers:
RAX=0x00000000000000f1, RBX=0x000002001f2247a0, RCX=0x0000000000f4ea70, RDX=0x00000000013befa8
RSP=0x00000000013beea0, RBP=0x0000000000000000, RSI=0x00000000013bf038, RDI=0x000000001f2247a0
R8 =0x00000000013bf038, R9 =0x000000001b4f4f08, R10=0x000000001f224de0, R11=0x0000000000000011
R12=0x0000000000000000, R13=0x0000000000000016, R14=0x00000000013befa8, R15=0x000000001b4f4f08
RIP=0x00007ffab7cbf070, EFLAGS=0x0000000000010206

Top of Stack: (sp=0x00000000013beea0)
0x00000000013beea0:   00000000013befa8 000000001f224ca0
0x00000000013beeb0:   000000001f224ca0 00007ffad721fde6
0x00000000013beec0:   0000000000000000 000000000000002c
0x00000000013beed0:   0000000000000000 0000000000990000
0x00000000013beee0:   000000001b4f4f08 00000000013befa8
0x00000000013beef0:   000000001a4f6920 00000000013bf038
0x00000000013bef00:   000000001a4f67a0 00007ffab7cbf09d
0x00000000013bef10:   00000000000000f1 00007ffab7cc0ba0
0x00000000013bef20:   0000000000000000 0000000000000010
0x00000000013bef30:   0000000000000001 0000000000990000
0x00000000013bef40:   0000000000000000 00000000013befa8
0x00000000013bef50:   00000000013bf1a8 000000001b4f4f08
0x00000000013bef60:   0000000000f4ea70 00000000013bf038
0x00000000013bef70:   000000001fc7afd0 00007ffab7cbf2dc
0x00000000013bef80:   0000000000000000 00000000013bf1a8
0x00000000013bef90:   000000000000015e 0000000000000003 

Instructions: (pc=0x00007ffab7cbf070)
0x00007ffab7cbf050:   57 ff ff 48 8b 5c 24 38 48 8b 7b 30 48 8b 1f 48
0x00007ffab7cbf060:   3b df 0f 84 90 00 00 00 0f 1f 84 00 00 00 00 00
0x00007ffab7cbf070:   48 63 4b 20 4d 8b 0e 0f b6 c1 24 1f 4c 8b c1 49
0x00007ffab7cbf080:   c1 e8 05 0f b6 d0 43 8b 04 81 0f a3 d0 72 0e 4d 


Register to memory mapping:

RAX=0x00000000000000f1 is an unknown value
RBX=0x000002001f2247a0 is an unknown value
RCX=0x0000000000f4ea70 is an unknown value
RDX=0x00000000013befa8 is pointing into the stack for thread: 0x0000000002b72800
RSP=0x00000000013beea0 is pointing into the stack for thread: 0x0000000002b72800
RBP=0x0000000000000000 is an unknown value
RSI=0x00000000013bf038 is pointing into the stack for thread: 0x0000000002b72800
RDI=0x000000001f2247a0 is an unknown value
R8 =0x00000000013bf038 is pointing into the stack for thread: 0x0000000002b72800
R9 =0x000000001b4f4f08 is an unknown value
R10=0x000000001f224de0 is an unknown value
R11=0x0000000000000011 is an unknown value
R12=0x0000000000000000 is an unknown value
R13=0x0000000000000016 is an unknown value
R14=0x00000000013befa8 is pointing into the stack for thread: 0x0000000002b72800
R15=0x000000001b4f4f08 is an unknown value


Stack: [0x00000000012c0000,0x00000000013c0000],  sp=0x00000000013beea0,  free space=1019k
Native frames: (J=compiled Java code, j=interpreted, Vv=VM code, C=native code)

Java frames: (J=compiled Java code, j=interpreted, Vv=VM code)
J 458  exampleJNI.JavaPorts_calcNEATInput(JLJavaPorts;IJLFloatVec;)V (0 bytes) @ 0x0000000002f15bbb [0x0000000002f15b40+0x7b]
J 814 C2 NEATAgent.calculateInput()V (51 bytes) @ 0x00000000030ff9a4 [0x00000000030ff7e0+0x1c4]
J 689 C2 LevelHandler.runGameAndGetResult(LNEATAgent;)Lengine/core/MarioResult; (73 bytes) @ 0x00000000030a4d04 [0x00000000030a3f80+0xd84]
J 832 C2 LevelHandler.simulateAndEvaluate(LNEATAgent;)Lengine/core/MarioResult; (53 bytes) @ 0x0000000003091938 [0x0000000003091900+0x38]
J 875 C1 NEATTester.evolveGeneration()V (56 bytes) @ 0x0000000002eb8c54 [0x0000000002eb8300+0x954]
j  NEATTester.evolveNEATs(J)V+48
j  NEATTester.evolveNEATsFromScratch(J)V+45
j  PlayLevel.makeElites(Ljava/lang/String;)V+55
j  PlayLevel.main([Ljava/lang/String;)V+7
v  ~StubRoutines::call_stub

---------------  P R O C E S S  ---------------

Java Threads: ( => current thread )
  0x0000000019174000 JavaThread "Service Thread" daemon [_thread_blocked, id=10940, stack(0x0000000019550000,0x0000000019650000)]
  0x000000001784f800 JavaThread "C1 CompilerThread2" daemon [_thread_blocked, id=7144, stack(0x0000000019050000,0x0000000019150000)]
  0x000000001780a000 JavaThread "C2 CompilerThread1" daemon [_thread_blocked, id=12000, stack(0x0000000018f50000,0x0000000019050000)]
  0x00000000177fd000 JavaThread "C2 CompilerThread0" daemon [_thread_blocked, id=19796, stack(0x0000000018e50000,0x0000000018f50000)]
  0x0000000017807000 JavaThread "Attach Listener" daemon [_thread_blocked, id=15700, stack(0x0000000018d50000,0x0000000018e50000)]
  0x0000000017805800 JavaThread "Signal Dispatcher" daemon [_thread_blocked, id=18612, stack(0x0000000018c50000,0x0000000018d50000)]
  0x00000000177ea800 JavaThread "Finalizer" daemon [_thread_blocked, id=18632, stack(0x0000000018a50000,0x0000000018b50000)]
  0x0000000002c61800 JavaThread "Reference Handler" daemon [_thread_blocked, id=19892, stack(0x0000000018950000,0x0000000018a50000)]
=>0x0000000002b72800 JavaThread "main" [_thread_in_native, id=14124, stack(0x00000000012c0000,0x00000000013c0000)]

Other Threads:
  0x00000000177c8000 VMThread [stack: 0x0000000018850000,0x0000000018950000] [id=2624]
  0x0000000019175800 WatcherThread [stack: 0x0000000019650000,0x0000000019750000] [id=12188]

VM state:not at safepoint (normal execution)

VM Mutex/Monitor currently owned by a thread: None

heap address: 0x0000000081c00000, size: 2020 MB, Compressed Oops mode: 32-bit
Narrow klass base: 0x0000000000000000, Narrow klass shift: 3
Compressed class space size: 1073741824 Address: 0x0000000100000000

Heap:
 PSYoungGen      total 141312K, used 88428K [0x00000000d5f00000, 0x00000000e3b00000, 0x0000000100000000)
  eden space 138752K, 62% used [0x00000000d5f00000,0x00000000db3031a0,0x00000000de680000)
  from space 2560K, 93% used [0x00000000e2500000,0x00000000e2758000,0x00000000e2780000)
  to   space 12288K, 0% used [0x00000000e2f00000,0x00000000e2f00000,0x00000000e3b00000)
 ParOldGen       total 77824K, used 52653K [0x0000000081c00000, 0x0000000086800000, 0x00000000d5f00000)
  object space 77824K, 67% used [0x0000000081c00000,0x0000000084f6b5d8,0x0000000086800000)
 Metaspace       used 3990K, capacity 4946K, committed 5120K, reserved 1056768K
  class space    used 402K, capacity 450K, committed 512K, reserved 1048576K

Card table byte_map: [0x0000000012090000,0x0000000012490000] byte_map_base: 0x0000000011c82000

Marking Bits: (ParMarkBitMap*) 0x0000000054b2af90
 Begin Bits: [0x0000000012b40000, 0x0000000014ad0000)
 End Bits:   [0x0000000014ad0000, 0x0000000016a60000)

Polling page: 0x0000000000e30000

CodeCache: size=245760Kb used=3259Kb max_used=4445Kb free=242500Kb
 bounds [0x0000000002cd0000, 0x0000000003140000, 0x0000000011cd0000]
 total_blobs=909 nmethods=611 adapters=211
 compilation: enabled

Compilation events (10 events):
Event: 642.714 Thread 0x000000001784f800  891   !   3       java.io.PrintStream::write (69 bytes)
Event: 642.715 Thread 0x000000001784f800 nmethod 891 0x0000000002f0ecd0 code [0x0000000002f0eea0, 0x0000000002f0f638]
Event: 650.906 Thread 0x00000000177fd000  893       4       engine.core.MarioWorld::bumpInto (124 bytes)
Event: 650.922 Thread 0x00000000177fd000 nmethod 893 0x0000000002f130d0 code [0x0000000002f13260, 0x0000000002f13788]
Event: 684.998 Thread 0x000000001780a000  894       4       engine.sprites.Mario::stomp (76 bytes)
Event: 685.000 Thread 0x000000001780a000 nmethod 894 0x00000000030eeb90 code [0x00000000030eece0, 0x00000000030eede8]
Event: 689.109 Thread 0x00000000177fd000  895       4       LevelHandler::simulateAndEvaluateElite (60 bytes)
Event: 689.183 Thread 0x00000000177fd000 nmethod 895 0x0000000002f40e10 code [0x0000000002f41000, 0x0000000002f41da8]
Event: 714.061 Thread 0x000000001780a000  896       4       java.lang.StringBuilder::<init> (18 bytes)
Event: 714.066 Thread 0x000000001780a000 nmethod 896 0x0000000002dd4b90 code [0x0000000002dd4d00, 0x0000000002dd5188]

GC Heap History (10 events):
Event: 719.360 GC heap before
{Heap before GC invocations=2379 (full 42):
 PSYoungGen      total 171008K, used 170528K [0x00000000d5f00000, 0x00000000e5680000, 0x0000000100000000)
  eden space 167424K, 100% used [0x00000000d5f00000,0x00000000e0280000,0x00000000e0280000)
  from space 3584K, 86% used [0x00000000e5300000,0x00000000e5608000,0x00000000e5680000)
  to   space 12800K, 0% used [0x00000000e3d80000,0x00000000e3d80000,0x00000000e4a00000)
 ParOldGen       total 77824K, used 35629K [0x0000000081c00000, 0x0000000086800000, 0x00000000d5f00000)
  object space 77824K, 45% used [0x0000000081c00000,0x0000000083ecb5d8,0x0000000086800000)
 Metaspace       used 3990K, capacity 4946K, committed 5120K, reserved 1056768K
  class space    used 402K, capacity 450K, committed 512K, reserved 1048576K
Event: 719.369 GC heap after
Heap after GC invocations=2379 (full 42):
 PSYoungGen      total 170496K, used 8832K [0x00000000d5f00000, 0x00000000e5380000, 0x0000000100000000)
  eden space 161280K, 0% used [0x00000000d5f00000,0x00000000d5f00000,0x00000000dfc80000)
  from space 9216K, 95% used [0x00000000e3d80000,0x00000000e4620000,0x00000000e4680000)
  to   space 13312K, 0% used [0x00000000e4680000,0x00000000e4680000,0x00000000e5380000)
 ParOldGen       total 77824K, used 37533K [0x0000000081c00000, 0x0000000086800000, 0x00000000d5f00000)
  object space 77824K, 48% used [0x0000000081c00000,0x00000000840a75d8,0x0000000086800000)
 Metaspace       used 3990K, capacity 4946K, committed 5120K, reserved 1056768K
  class space    used 402K, capacity 450K, committed 512K, reserved 1048576K
}
Event: 720.131 GC heap before
{Heap before GC invocations=2380 (full 42):
 PSYoungGen      total 170496K, used 170112K [0x00000000d5f00000, 0x00000000e5380000, 0x0000000100000000)
  eden space 161280K, 100% used [0x00000000d5f00000,0x00000000dfc80000,0x00000000dfc80000)
  from space 9216K, 95% used [0x00000000e3d80000,0x00000000e4620000,0x00000000e4680000)
  to   space 13312K, 0% used [0x00000000e4680000,0x00000000e4680000,0x00000000e5380000)
 ParOldGen       total 77824K, used 37533K [0x0000000081c00000, 0x0000000086800000, 0x00000000d5f00000)
  object space 77824K, 48% used [0x0000000081c00000,0x00000000840a75d8,0x0000000086800000)
 Metaspace       used 3990K, capacity 4946K, committed 5120K, reserved 1056768K
  class space    used 402K, capacity 450K, committed 512K, reserved 1048576K
Event: 720.139 GC heap after
Heap after GC invocations=2380 (full 42):
 PSYoungGen      total 160256K, used 4768K [0x00000000d5f00000, 0x00000000e4b80000, 0x0000000100000000)
  eden space 155136K, 0% used [0x00000000d5f00000,0x00000000d5f00000,0x00000000df680000)
  from space 5120K, 93% used [0x00000000e4680000,0x00000000e4b28000,0x00000000e4b80000)
  to   space 12800K, 0% used [0x00000000e3280000,0x00000000e3280000,0x00000000e3f00000)
 ParOldGen       total 77824K, used 43501K [0x0000000081c00000, 0x0000000086800000, 0x00000000d5f00000)
  object space 77824K, 55% used [0x0000000081c00000,0x000000008467b5d8,0x0000000086800000)
 Metaspace       used 3990K, capacity 4946K, committed 5120K, reserved 1056768K
  class space    used 402K, capacity 450K, committed 512K, reserved 1048576K
}
Event: 720.680 GC heap before
{Heap before GC invocations=2381 (full 42):
 PSYoungGen      total 160256K, used 159904K [0x00000000d5f00000, 0x00000000e4b80000, 0x0000000100000000)
  eden space 155136K, 100% used [0x00000000d5f00000,0x00000000df680000,0x00000000df680000)
  from space 5120K, 93% used [0x00000000e4680000,0x00000000e4b28000,0x00000000e4b80000)
  to   space 12800K, 0% used [0x00000000e3280000,0x00000000e3280000,0x00000000e3f00000)
 ParOldGen       total 77824K, used 43501K [0x0000000081c00000, 0x0000000086800000, 0x00000000d5f00000)
  object space 77824K, 55% used [0x0000000081c00000,0x000000008467b5d8,0x0000000086800000)
 Metaspace       used 3990K, capacity 4946K, committed 5120K, reserved 1056768K
  class space    used 402K, capacity 450K, committed 512K, reserved 1048576K
Event: 720.685 GC heap after
Heap after GC invocations=2381 (full 42):
 PSYoungGen      total 152576K, used 2880K [0x00000000d5f00000, 0x00000000e4700000, 0x0000000100000000)
  eden space 149504K, 0% used [0x00000000d5f00000,0x00000000d5f00000,0x00000000df100000)
  from space 3072K, 93% used [0x00000000e3280000,0x00000000e3550000,0x00000000e3580000)
  to   space 12800K, 0% used [0x00000000e3a80000,0x00000000e3a80000,0x00000000e4700000)
 ParOldGen       total 77824K, used 47941K [0x0000000081c00000, 0x0000000086800000, 0x00000000d5f00000)
  object space 77824K, 61% used [0x0000000081c00000,0x0000000084ad15d8,0x0000000086800000)
 Metaspace       used 3990K, capacity 4946K, committed 5120K, reserved 1056768K
  class space    used 402K, capacity 450K, committed 512K, reserved 1048576K
}
Event: 721.182 GC heap before
{Heap before GC invocations=2382 (full 42):
 PSYoungGen      total 152576K, used 152384K [0x00000000d5f00000, 0x00000000e4700000, 0x0000000100000000)
  eden space 149504K, 100% used [0x00000000d5f00000,0x00000000df100000,0x00000000df100000)
  from space 3072K, 93% used [0x00000000e3280000,0x00000000e3550000,0x00000000e3580000)
  to   space 12800K, 0% used [0x00000000e3a80000,0x00000000e3a80000,0x00000000e4700000)
 ParOldGen       total 77824K, used 47941K [0x0000000081c00000, 0x0000000086800000, 0x00000000d5f00000)
  object space 77824K, 61% used [0x0000000081c00000,0x0000000084ad15d8,0x0000000086800000)
 Metaspace       used 3990K, capacity 4946K, committed 5120K, reserved 1056768K
  class space    used 402K, capacity 450K, committed 512K, reserved 1048576K
Event: 721.186 GC heap after
Heap after GC invocations=2382 (full 42):
 PSYoungGen      total 146432K, used 2528K [0x00000000d5f00000, 0x00000000e3d00000, 0x0000000100000000)
  eden space 143872K, 0% used [0x00000000d5f00000,0x00000000d5f00000,0x00000000deb80000)
  from space 2560K, 98% used [0x00000000e3a80000,0x00000000e3cf8000,0x00000000e3d00000)
  to   space 12288K, 0% used [0x00000000e2500000,0x00000000e2500000,0x00000000e3100000)
 ParOldGen       total 77824K, used 50453K [0x0000000081c00000, 0x0000000086800000, 0x00000000d5f00000)
  object space 77824K, 64% used [0x0000000081c00000,0x0000000084d455d8,0x0000000086800000)
 Metaspace       used 3990K, capacity 4946K, committed 5120K, reserved 1056768K
  class space    used 402K, capacity 450K, committed 512K, reserved 1048576K
}
Event: 721.675 GC heap before
{Heap before GC invocations=2383 (full 42):
 PSYoungGen      total 146432K, used 146400K [0x00000000d5f00000, 0x00000000e3d00000, 0x0000000100000000)
  eden space 143872K, 100% used [0x00000000d5f00000,0x00000000deb80000,0x00000000deb80000)
  from space 2560K, 98% used [0x00000000e3a80000,0x00000000e3cf8000,0x00000000e3d00000)
  to   space 12288K, 0% used [0x00000000e2500000,0x00000000e2500000,0x00000000e3100000)
 ParOldGen       total 77824K, used 50453K [0x0000000081c00000, 0x0000000086800000, 0x00000000d5f00000)
  object space 77824K, 64% used [0x0000000081c00000,0x0000000084d455d8,0x0000000086800000)
 Metaspace       used 3990K, capacity 4946K, committed 5120K, reserved 1056768K
  class space    used 402K, capacity 450K, committed 512K, reserved 1048576K
Event: 721.678 GC heap after
Heap after GC invocations=2383 (full 42):
 PSYoungGen      total 141312K, used 2400K [0x00000000d5f00000, 0x00000000e3b00000, 0x0000000100000000)
  eden space 138752K, 0% used [0x00000000d5f00000,0x00000000d5f00000,0x00000000de680000)
  from space 2560K, 93% used [0x00000000e2500000,0x00000000e2758000,0x00000000e2780000)
  to   space 12288K, 0% used [0x00000000e2f00000,0x00000000e2f00000,0x00000000e3b00000)
 ParOldGen       total 77824K, used 52653K [0x0000000081c00000, 0x0000000086800000, 0x00000000d5f00000)
  object space 77824K, 67% used [0x0000000081c00000,0x0000000084f6b5d8,0x0000000086800000)
 Metaspace       used 3990K, capacity 4946K, committed 5120K, reserved 1056768K
  class space    used 402K, capacity 450K, committed 512K, reserved 1048576K
}

Deoptimization events (10 events):
Event: 192.445 Thread 0x0000000002b72800 Uncommon trap: reason=unstable_if action=reinterpret pc=0x0000000002f5447c method=engine.core.MarioLevel.isBlocking(IIFF)Z @ 42
Event: 196.605 Thread 0x0000000002b72800 Uncommon trap: reason=unstable_if action=reinterpret pc=0x0000000002fcbe7c method=engine.sprites.Enemy.move(FF)Z @ 475
Event: 315.176 Thread 0x0000000002b72800 Uncommon trap: reason=unstable_if action=reinterpret pc=0x0000000002eef8e0 method=engine.core.MarioWorld.update([Z)V @ 568
Event: 351.335 Thread 0x0000000002b72800 Uncommon trap: reason=unstable_if action=reinterpret pc=0x0000000002f62020 method=engine.core.MarioLevel.isBlocking(IIFF)Z @ 42
Event: 457.038 Thread 0x0000000002b72800 Uncommon trap: reason=unstable_if action=reinterpret pc=0x0000000002f7b1f8 method=engine.sprites.Shell.move(FF)Z @ 172
Event: 608.731 Thread 0x0000000002b72800 Uncommon trap: reason=unstable_if action=reinterpret pc=0x0000000002f5ab2c method=engine.sprites.Fireball.move(FF)Z @ 544
Event: 618.759 Thread 0x00000000177ea800 Uncommon trap: reason=class_check action=maybe_recompile pc=0x0000000003009dec method=java.lang.System$2.invokeFinalize(Ljava/lang/Object;)V @ 1
Event: 618.759 Thread 0x00000000177ea800 Uncommon trap: reason=class_check action=maybe_recompile pc=0x0000000003009dec method=java.lang.System$2.invokeFinalize(Ljava/lang/Object;)V @ 1
Event: 629.428 Thread 0x0000000002b72800 Uncommon trap: reason=unstable_if action=reinterpret pc=0x0000000002e9c8f0 method=engine.sprites.Mario.getHurt()V @ 19
Event: 635.870 Thread 0x0000000002b72800 Uncommon trap: reason=unstable_if action=reinterpret pc=0x0000000002ee941c method=engine.core.MarioWorld.bump(IIZ)V @ 259

Classes redefined (0 events):
No events

Internal exceptions (2 events):
Event: 0.054 Thread 0x0000000002b72800 Exception <a 'java/lang/NoSuchMethodError': Method sun.misc.Unsafe.defineClass(Ljava/lang/String;[BII)Ljava/lang/Class; name or signature does not match> (0x00000000d5f07cc0) thrown at [C:\jenkins\workspace\8-2-build-windows-amd64-cygwin\jdk8u251\737\hots
Event: 0.054 Thread 0x0000000002b72800 Exception <a 'java/lang/NoSuchMethodError': Method sun.misc.Unsafe.prefetchRead(Ljava/lang/Object;J)V name or signature does not match> (0x00000000d5f07fa8) thrown at [C:\jenkins\workspace\8-2-build-windows-amd64-cygwin\jdk8u251\737\hotspot\src\share\vm\p

Events (10 events):
Event: 719.360 Executing VM operation: ParallelGCFailedAllocation
Event: 719.369 Executing VM operation: ParallelGCFailedAllocation done
Event: 720.131 Executing VM operation: ParallelGCFailedAllocation
Event: 720.139 Executing VM operation: ParallelGCFailedAllocation done
Event: 720.680 Executing VM operation: ParallelGCFailedAllocation
Event: 720.685 Executing VM operation: ParallelGCFailedAllocation done
Event: 721.182 Executing VM operation: ParallelGCFailedAllocation
Event: 721.186 Executing VM operation: ParallelGCFailedAllocation done
Event: 721.675 Executing VM operation: ParallelGCFailedAllocation
Event: 721.678 Executing VM operation: ParallelGCFailedAllocation done


Dynamic libraries:
0x00007ff6d4440000 - 0x00007ff6d4477000 	C:\Program Files\Java\jre1.8.0_251\bin\javaw.exe
0x00007ffad92b0000 - 0x00007ffad94a5000 	C:\WINDOWS\SYSTEM32\ntdll.dll
0x00007ffad8070000 - 0x00007ffad812d000 	C:\WINDOWS\System32\KERNEL32.DLL
0x00007ffad6de0000 - 0x00007ffad70a9000 	C:\WINDOWS\System32\KERNELBASE.dll
0x00007ffad8850000 - 0x00007ffad88fc000 	C:\WINDOWS\System32\ADVAPI32.dll
0x00007ffad7eb0000 - 0x00007ffad7f4e000 	C:\WINDOWS\System32\msvcrt.dll
0x00007ffad87b0000 - 0x00007ffad884c000 	C:\WINDOWS\System32\sechost.dll
0x00007ffad85c0000 - 0x00007ffad86eb000 	C:\WINDOWS\System32\RPCRT4.dll
0x00007ffad75f0000 - 0x00007ffad7790000 	C:\WINDOWS\System32\USER32.dll
0x00007ffad6bb0000 - 0x00007ffad6bd2000 	C:\WINDOWS\System32\win32u.dll
0x00007ffad79c0000 - 0x00007ffad79ea000 	C:\WINDOWS\System32\GDI32.dll
0x00007ffad70b0000 - 0x00007ffad71bb000 	C:\WINDOWS\System32\gdi32full.dll
0x00007ffad6c90000 - 0x00007ffad6d2d000 	C:\WINDOWS\System32\msvcp_win.dll
0x00007ffad7210000 - 0x00007ffad7310000 	C:\WINDOWS\System32\ucrtbase.dll
0x00007ffac6a50000 - 0x00007ffac6cea000 	C:\WINDOWS\WinSxS\amd64_microsoft.windows.common-controls_6595b64144ccf1df_6.0.19041.844_none_ca00b6081b84eb1d\COMCTL32.dll
0x00007ffad79f0000 - 0x00007ffad7a20000 	C:\WINDOWS\System32\IMM32.DLL
0x0000000054140000 - 0x0000000054212000 	C:\Program Files\Java\jre1.8.0_251\bin\msvcr100.dll
0x0000000054300000 - 0x0000000054bab000 	C:\Program Files\Java\jre1.8.0_251\bin\server\jvm.dll
0x00007ffad78f0000 - 0x00007ffad78f8000 	C:\WINDOWS\System32\PSAPI.DLL
0x00007ffac0c40000 - 0x00007ffac0c49000 	C:\WINDOWS\SYSTEM32\WSOCK32.dll
0x00007ffad9050000 - 0x00007ffad90bb000 	C:\WINDOWS\System32\WS2_32.dll
0x00007ffac5960000 - 0x00007ffac5987000 	C:\WINDOWS\SYSTEM32\WINMM.dll
0x00007ffad0d10000 - 0x00007ffad0d1a000 	C:\WINDOWS\SYSTEM32\VERSION.dll
0x00007ffac4ee0000 - 0x00007ffac4eef000 	C:\Program Files\Java\jre1.8.0_251\bin\verify.dll
0x00007ffac22e0000 - 0x00007ffac2309000 	C:\Program Files\Java\jre1.8.0_251\bin\java.dll
0x00007ffac0fd0000 - 0x00007ffac0fe6000 	C:\Program Files\Java\jre1.8.0_251\bin\zip.dll
0x00007ffad8900000 - 0x00007ffad9042000 	C:\WINDOWS\System32\SHELL32.dll
0x00007ffad4a30000 - 0x00007ffad51c0000 	C:\WINDOWS\SYSTEM32\windows.storage.dll
0x00007ffad8130000 - 0x00007ffad8485000 	C:\WINDOWS\System32\combase.dll
0x00007ffad6390000 - 0x00007ffad63bc000 	C:\WINDOWS\SYSTEM32\Wldp.dll
0x00007ffad7910000 - 0x00007ffad79be000 	C:\WINDOWS\System32\SHCORE.dll
0x00007ffad8560000 - 0x00007ffad85b5000 	C:\WINDOWS\System32\shlwapi.dll
0x00007ffad6930000 - 0x00007ffad694f000 	C:\WINDOWS\SYSTEM32\profapi.dll
0x00007ffaba4e0000 - 0x00007ffaba4fa000 	C:\Program Files\Java\jre1.8.0_251\bin\net.dll
0x00007ffad6110000 - 0x00007ffad617a000 	C:\WINDOWS\system32\mswsock.dll
0x00007ffaba4c0000 - 0x00007ffaba4d2000 	C:\Program Files\Java\jre1.8.0_251\bin\nio.dll
0x00007ffab7c90000 - 0x00007ffab7cfe000 	C:\Users\Marcus\Documents\swigwin-4.0.1\swigwin-4.0.1\Examples\JavaPorts\JavaPorts\GA_Ports.dll
0x00007ffab7bd0000 - 0x00007ffab7be5000 	C:\Program Files\Java\jre1.8.0_251\bin\VCRUNTIME140.dll
0x00007ffab7a60000 - 0x00007ffab7afb000 	C:\Program Files\Java\jre1.8.0_251\bin\MSVCP140.dll
0x00007ffad6300000 - 0x00007ffad630c000 	C:\WINDOWS\SYSTEM32\CRYPTBASE.DLL
0x00007ffad6c10000 - 0x00007ffad6c90000 	C:\WINDOWS\System32\bcryptPrimitives.dll
0x00007ffad1ef0000 - 0x00007ffad20d4000 	C:\WINDOWS\SYSTEM32\dbghelp.dll

VM Arguments:
jvm_args: -Dfile.encoding=Cp1252 
java_command: PlayLevel
java_class_path (initial): C:\Users\Marcus\Documents\eclipWorkspace\Mario-AI\src\neat-java-mario\bin
Launcher Type: SUN_STANDARD

Environment Variables:
JAVA_HOME=C:\Program Files\Java\jdk1.8.0_121
PATH=C:/Program Files/Java/jre1.8.0_251/bin/server;C:/Program Files/Java/jre1.8.0_251/bin;C:/Program Files/Java/jre1.8.0_251/lib/amd64;C:\Program Files (x86)\Common Files\Oracle\Java\javapath;C:\Program Files (x86)\Razer Chroma SDK\bin;C:\Program Files\Razer Chroma SDK\bin;C:\Program Files (x86)\NVIDIA Corporation\PhysX\Common;C:\ProgramData\Oracle\Java\javapath;C:\Program Files (x86)\Intel\iCLS Client\;C:\Program Files\Intel\iCLS Client\;C:\Windows\System32;C:\Windows;C:\Windows\System32\wbem;C:\Windows\System32\WindowsPowerShell\v1.0\;C:\Program Files (x86)\Intel\Intel(R) Management Engine Components\DAL;C:\Program Files\Intel\Intel(R) Management Engine Components\DAL;C:\Program Files (x86)\Intel\Intel(R) Management Engine Components\IPT;C:\Program Files\Intel\Intel(R) Management Engine Components\IPT;C:\Program Files (x86)\Windows Live\Shared;C:\Program Files (x86)\PuTTY\;C:\Program Files (x86)\GtkSharp\2.12\bin;C:\Windows\System32\OpenSSH\;C:\Program Files\MiKTeX 2.9\miktex\bin\x64\;C:\Program Files\Intel\WiFi\bin\;C:\Program Files\Common Files\Intel\WirelessCommon\;C:\Program Files\Git\cmd;C:\Windows\System32\config\systemprofile\AppData\Local\Microsoft\WindowsApps;C:\Program Files\dotnet\;C:\Windows\System32;C:\Windows;C:\Windows\System32\wbem;C:\Windows\System32\WindowsPowerShell\v1.0\;C:\Windows\System32\OpenSSH\;C:\Qt\5.12.5\msvc2017_64\bin;C:\Program Files\CMake\bin;C:\Users\Marcus\.mujoco\mjpro150\bin;C:\ffmpeg\bin;C:\Program Files\Java\jdk1.8.0_121\bin\bin;C:\MinGW\bin;C:\Users\Marcus\Documents\swigwin-4.0.1\swigwin-4.0.1;C:\Users\Marcus\AppData\Local\Programs\Python\Python38\Scripts\;C:\Users\Marcus\AppData\Local\Programs\Python\Python38\;C:\Users\Marcus\AppData\Local\Microsoft\WindowsApps;C:\Users\Marcus\.dotnet\tools;C:\WINDOWS\system32;
USERNAME=Marcus
OS=Windows_NT
PROCESSOR_IDENTIFIER=Intel64 Family 6 Model 142 Stepping 9, GenuineIntel



---------------  S Y S T E M  ---------------

OS: Windows 10.0 , 64 bit Build 19041 (10.0.19041.804)

CPU:total 4 (initial active 4) (2 cores per cpu, 2 threads per core) family 6 model 142 stepping 9, cmov, cx8, fxsr, mmx, sse, sse2, sse3, ssse3, sse4.1, sse4.2, popcnt, avx, avx2, aes, clmul, erms, 3dnowpref, lzcnt, ht, tsc, tscinvbit, bmi1, bmi2, adx

Memory: 4k page, physical 8270232k(1819236k free), swap 15794716k(2465316k free)

vm_info: Java HotSpot(TM) 64-Bit Server VM (25.251-b08) for windows-amd64 JRE (1.8.0_251-b08), built on Mar 12 2020 06:31:49 by "" with MS VC++ 10.0 (VS2010)

time: Thu Mar 25 11:32:19 2021
timezone: Västeuropa, normaltid
elapsed time: 722 seconds (0d 0h 12m 2s)

